Train on cuda:0
[1,     1] Training loss: 0.07413
[1,     2] Training loss: 0.06385
[1,     3] Training loss: 0.05097
[1,     4] Training loss: 0.03826
[1,     5] Training loss: 0.02996
[1,     6] Training loss: 0.03448
[1,     7] Training loss: 0.02452
[1,     8] Training loss: 0.02375
[1,     9] Training loss: 0.02582
[1,    10] Training loss: 0.02598
[1,    11] Training loss: 0.02532
[1,    12] Training loss: 0.02237
[1,    13] Training loss: 0.02141
[1,    14] Training loss: 0.02185
[1,    15] Training loss: 0.02145
[1,    16] Training loss: 0.01895
[1,    17] Training loss: 0.01799
[1,    18] Training loss: 0.01823
[1,    19] Training loss: 0.01745
[1,    20] Training loss: 0.01787
[1,    21] Training loss: 0.01749
[1,    22] Training loss: 0.01663
[1,    23] Training loss: 0.01683
[1,    24] Training loss: 0.01678
[1,    25] Training loss: 0.01593
[1,    26] Training loss: 0.01548
[1,    27] Training loss: 0.01572
[1,    28] Training loss: 0.01572
[1,    29] Training loss: 0.01522
[1,    30] Training loss: 0.01504
[1,    31] Training loss: 0.01493
[1,    32] Training loss: 0.01482
[1] Validation loss: 0.01447
All wavs are synthesized!
All wavs are synthesized!
[2,     1] Training loss: 0.01473
[2,     2] Training loss: 0.01413
[2,     3] Training loss: 0.01419
[2,     4] Training loss: 0.01386
[2,     5] Training loss: 0.01341
[2,     6] Training loss: 0.01337
[2,     7] Training loss: 0.01320
[2,     8] Training loss: 0.01306
[2,     9] Training loss: 0.01306
[2,    10] Training loss: 0.01292
[2,    11] Training loss: 0.01299
[2,    12] Training loss: 0.01285
[2,    13] Training loss: 0.01241
[2,    14] Training loss: 0.01220
[2,    15] Training loss: 0.01228
[2,    16] Training loss: 0.01196
[2,    17] Training loss: 0.01211
[2,    18] Training loss: 0.01184
[2,    19] Training loss: 0.01171
[2,    20] Training loss: 0.01198
[2,    21] Training loss: 0.01199
[2,    22] Training loss: 0.01146
[2,    23] Training loss: 0.01167
[2,    24] Training loss: 0.01151
[2,    25] Training loss: 0.01168
[2,    26] Training loss: 0.01138
[2,    27] Training loss: 0.01134
[2,    28] Training loss: 0.01092
[2,    29] Training loss: 0.01124
[2,    30] Training loss: 0.01113
[2,    31] Training loss: 0.01118
[2,    32] Training loss: 0.01121
[2] Validation loss: 0.01092
All wavs are synthesized!
All wavs are synthesized!
[3,     1] Training loss: 0.01086
[3,     2] Training loss: 0.01089
[3,     3] Training loss: 0.01092
[3,     4] Training loss: 0.01063
[3,     5] Training loss: 0.01042
[3,     6] Training loss: 0.01071
[3,     7] Training loss: 0.01015
[3,     8] Training loss: 0.01067
[3,     9] Training loss: 0.01018
[3,    10] Training loss: 0.01019
[3,    11] Training loss: 0.01012
[3,    12] Training loss: 0.01006
[3,    13] Training loss: 0.00989
[3,    14] Training loss: 0.00985
[3,    15] Training loss: 0.01025
[3,    16] Training loss: 0.01011
[3,    17] Training loss: 0.00984
[3,    18] Training loss: 0.00962
[3,    19] Training loss: 0.00966
[3,    20] Training loss: 0.00947
[3,    21] Training loss: 0.00949
[3,    22] Training loss: 0.00928
[3,    23] Training loss: 0.00959
[3,    24] Training loss: 0.00981
[3,    25] Training loss: 0.00944
[3,    26] Training loss: 0.00951
[3,    27] Training loss: 0.00948
[3,    28] Training loss: 0.00943
[3,    29] Training loss: 0.00937
[3,    30] Training loss: 0.00896
[3,    31] Training loss: 0.00918
[3,    32] Training loss: 0.00936
[3] Validation loss: 0.00917
All wavs are synthesized!
All wavs are synthesized!
[4,     1] Training loss: 0.00900
[4,     2] Training loss: 0.00899
[4,     3] Training loss: 0.00902
[4,     4] Training loss: 0.00876
[4,     5] Training loss: 0.00900
[4,     6] Training loss: 0.00914
[4,     7] Training loss: 0.00904
[4,     8] Training loss: 0.00900
[4,     9] Training loss: 0.00889
[4,    10] Training loss: 0.00889
[4,    11] Training loss: 0.00886
[4,    12] Training loss: 0.00883
[4,    13] Training loss: 0.00875
[4,    14] Training loss: 0.00894
[4,    15] Training loss: 0.00859
[4,    16] Training loss: 0.00870
[4,    17] Training loss: 0.00891
[4,    18] Training loss: 0.00871
[4,    19] Training loss: 0.00882
[4,    20] Training loss: 0.00859
[4,    21] Training loss: 0.00867
[4,    22] Training loss: 0.00908
[4,    23] Training loss: 0.00879
[4,    24] Training loss: 0.00898
[4,    25] Training loss: 0.00861
[4,    26] Training loss: 0.00831
[4,    27] Training loss: 0.00831
[4,    28] Training loss: 0.00846
[4,    29] Training loss: 0.00856
[4,    30] Training loss: 0.00853
[4,    31] Training loss: 0.00853
[4,    32] Training loss: 0.00834
[4] Validation loss: 0.00849
All wavs are synthesized!
All wavs are synthesized!
[5,     1] Training loss: 0.00833
[5,     2] Training loss: 0.00831
[5,     3] Training loss: 0.00844
[5,     4] Training loss: 0.00837
[5,     5] Training loss: 0.00816
[5,     6] Training loss: 0.00858
[5,     7] Training loss: 0.00878
[5,     8] Training loss: 0.00831
[5,     9] Training loss: 0.00830
[5,    10] Training loss: 0.00808
[5,    11] Training loss: 0.00813
[5,    12] Training loss: 0.00812
[5,    13] Training loss: 0.00818
[5,    14] Training loss: 0.00822
[5,    15] Training loss: 0.00817
[5,    16] Training loss: 0.00815
[5,    17] Training loss: 0.00826
[5,    18] Training loss: 0.00795
[5,    19] Training loss: 0.00816
[5,    20] Training loss: 0.00810
[5,    21] Training loss: 0.00823
[5,    22] Training loss: 0.00816
[5,    23] Training loss: 0.00832
[5,    24] Training loss: 0.00809
[5,    25] Training loss: 0.00805
[5,    26] Training loss: 0.00815
[5,    27] Training loss: 0.00803
[5,    28] Training loss: 0.00815
[5,    29] Training loss: 0.00807
[5,    30] Training loss: 0.00827
[5,    31] Training loss: 0.00766
[5,    32] Training loss: 0.00763
[5] Validation loss: 0.00796
All wavs are synthesized!
All wavs are synthesized!
[6,     1] Training loss: 0.00783
[6,     2] Training loss: 0.00774
[6,     3] Training loss: 0.00798
[6,     4] Training loss: 0.00804
[6,     5] Training loss: 0.00773
[6,     6] Training loss: 0.00767
[6,     7] Training loss: 0.00800
[6,     8] Training loss: 0.00779
[6,     9] Training loss: 0.00792
[6,    10] Training loss: 0.00798
[6,    11] Training loss: 0.00761
[6,    12] Training loss: 0.00790
[6,    13] Training loss: 0.00802
[6,    14] Training loss: 0.00799
[6,    15] Training loss: 0.00771
[6,    16] Training loss: 0.00802
[6,    17] Training loss: 0.00773
[6,    18] Training loss: 0.00785
[6,    19] Training loss: 0.00759
[6,    20] Training loss: 0.00794
[6,    21] Training loss: 0.00768
[6,    22] Training loss: 0.00774
[6,    23] Training loss: 0.00748
[6,    24] Training loss: 0.00765
[6,    25] Training loss: 0.00770
[6,    26] Training loss: 0.00760
[6,    27] Training loss: 0.00781
[6,    28] Training loss: 0.00755
[6,    29] Training loss: 0.00771
[6,    30] Training loss: 0.00737
[6,    31] Training loss: 0.00770
[6,    32] Training loss: 0.00805
[6] Validation loss: 0.00755
All wavs are synthesized!
All wavs are synthesized!
[7,     1] Training loss: 0.00764
[7,     2] Training loss: 0.00754
[7,     3] Training loss: 0.00754
[7,     4] Training loss: 0.00731
[7,     5] Training loss: 0.00732
[7,     6] Training loss: 0.00744
[7,     7] Training loss: 0.00777
[7,     8] Training loss: 0.00721
[7,     9] Training loss: 0.00722
[7,    10] Training loss: 0.00762
[7,    11] Training loss: 0.00745
[7,    12] Training loss: 0.00749
[7,    13] Training loss: 0.00757
[7,    14] Training loss: 0.00722
[7,    15] Training loss: 0.00738
[7,    16] Training loss: 0.00742
[7,    17] Training loss: 0.00743
[7,    18] Training loss: 0.00751
[7,    19] Training loss: 0.00735
[7,    20] Training loss: 0.00743
[7,    21] Training loss: 0.00777
[7,    22] Training loss: 0.00737
[7,    23] Training loss: 0.00746
[7,    24] Training loss: 0.00739
[7,    25] Training loss: 0.00724
[7,    26] Training loss: 0.00740
[7,    27] Training loss: 0.00712
[7,    28] Training loss: 0.00761
[7,    29] Training loss: 0.00722
[7,    30] Training loss: 0.00752
[7,    31] Training loss: 0.00750
[7,    32] Training loss: 0.00730
[7] Validation loss: 0.00720
All wavs are synthesized!
All wavs are synthesized!
[8,     1] Training loss: 0.00723
[8,     2] Training loss: 0.00714
[8,     3] Training loss: 0.00716
[8,     4] Training loss: 0.00708
[8,     5] Training loss: 0.00713
[8,     6] Training loss: 0.00724
[8,     7] Training loss: 0.00698
[8,     8] Training loss: 0.00743
[8,     9] Training loss: 0.00703
[8,    10] Training loss: 0.00716
[8,    11] Training loss: 0.00722
[8,    12] Training loss: 0.00708
[8,    13] Training loss: 0.00696
[8,    14] Training loss: 0.00689
[8,    15] Training loss: 0.00704
[8,    16] Training loss: 0.00714
[8,    17] Training loss: 0.00713
[8,    18] Training loss: 0.00708
[8,    19] Training loss: 0.00704
[8,    20] Training loss: 0.00711
[8,    21] Training loss: 0.00709
[8,    22] Training loss: 0.00725
[8,    23] Training loss: 0.00711
[8,    24] Training loss: 0.00683
[8,    25] Training loss: 0.00718
[8,    26] Training loss: 0.00700
[8,    27] Training loss: 0.00704
[8,    28] Training loss: 0.00691
[8,    29] Training loss: 0.00713
[8,    30] Training loss: 0.00713
[8,    31] Training loss: 0.00726
[8,    32] Training loss: 0.00688
[8] Validation loss: 0.00691
All wavs are synthesized!
All wavs are synthesized!
[9,     1] Training loss: 0.00712
[9,     2] Training loss: 0.00714
[9,     3] Training loss: 0.00682
[9,     4] Training loss: 0.00678
[9,     5] Training loss: 0.00668
[9,     6] Training loss: 0.00688
[9,     7] Training loss: 0.00716
[9,     8] Training loss: 0.00668
[9,     9] Training loss: 0.00668
[9,    10] Training loss: 0.00706
[9,    11] Training loss: 0.00669
[9,    12] Training loss: 0.00662
[9,    13] Training loss: 0.00700
[9,    14] Training loss: 0.00684
[9,    15] Training loss: 0.00688
[9,    16] Training loss: 0.00679
[9,    17] Training loss: 0.00685
[9,    18] Training loss: 0.00680
[9,    19] Training loss: 0.00666
[9,    20] Training loss: 0.00695
[9,    21] Training loss: 0.00704
[9,    22] Training loss: 0.00702
[9,    23] Training loss: 0.00689
[9,    24] Training loss: 0.00664
[9,    25] Training loss: 0.00669
[9,    26] Training loss: 0.00686
[9,    27] Training loss: 0.00699
[9,    28] Training loss: 0.00683
[9,    29] Training loss: 0.00683
[9,    30] Training loss: 0.00690
[9,    31] Training loss: 0.00703
[9,    32] Training loss: 0.00675
[9] Validation loss: 0.00680
All wavs are synthesized!
All wavs are synthesized!
[10,     1] Training loss: 0.00645
[10,     2] Training loss: 0.00654
[10,     3] Training loss: 0.00674
[10,     4] Training loss: 0.00668
[10,     5] Training loss: 0.00663
[10,     6] Training loss: 0.00645
[10,     7] Training loss: 0.00684
[10,     8] Training loss: 0.00673
[10,     9] Training loss: 0.00690
[10,    10] Training loss: 0.00668
[10,    11] Training loss: 0.00661
[10,    12] Training loss: 0.00687
[10,    13] Training loss: 0.00659
[10,    14] Training loss: 0.00688
[10,    15] Training loss: 0.00670
[10,    16] Training loss: 0.00658
[10,    17] Training loss: 0.00663
[10,    18] Training loss: 0.00634
[10,    19] Training loss: 0.00642
[10,    20] Training loss: 0.00708
[10,    21] Training loss: 0.00654
[10,    22] Training loss: 0.00665
[10,    23] Training loss: 0.00654
[10,    24] Training loss: 0.00660
[10,    25] Training loss: 0.00687
[10,    26] Training loss: 0.00670
[10,    27] Training loss: 0.00657
[10,    28] Training loss: 0.00674
[10,    29] Training loss: 0.00636
[10,    30] Training loss: 0.00651
[10,    31] Training loss: 0.00675
[10,    32] Training loss: 0.00677
[10] Validation loss: 0.00647
All wavs are synthesized!
All wavs are synthesized!
[11,     1] Training loss: 0.00639
[11,     2] Training loss: 0.00653
[11,     3] Training loss: 0.00642
[11,     4] Training loss: 0.00661
[11,     5] Training loss: 0.00632
[11,     6] Training loss: 0.00638
[11,     7] Training loss: 0.00652
[11,     8] Training loss: 0.00651
[11,     9] Training loss: 0.00628
[11,    10] Training loss: 0.00646
[11,    11] Training loss: 0.00624
[11,    12] Training loss: 0.00670
[11,    13] Training loss: 0.00656
[11,    14] Training loss: 0.00616
[11,    15] Training loss: 0.00632
[11,    16] Training loss: 0.00655
[11,    17] Training loss: 0.00625
[11,    18] Training loss: 0.00630
[11,    19] Training loss: 0.00660
[11,    20] Training loss: 0.00658
[11,    21] Training loss: 0.00624
[11,    22] Training loss: 0.00628
[11,    23] Training loss: 0.00629
[11,    24] Training loss: 0.00633
[11,    25] Training loss: 0.00667
[11,    26] Training loss: 0.00652
[11,    27] Training loss: 0.00663
[11,    28] Training loss: 0.00656
[11,    29] Training loss: 0.00654
[11,    30] Training loss: 0.00641
[11,    31] Training loss: 0.00645
[11,    32] Training loss: 0.00642
[11] Validation loss: 0.00635
All wavs are synthesized!
All wavs are synthesized!
[12,     1] Training loss: 0.00618
[12,     2] Training loss: 0.00620
[12,     3] Training loss: 0.00618
[12,     4] Training loss: 0.00609
[12,     5] Training loss: 0.00618
[12,     6] Training loss: 0.00613
[12,     7] Training loss: 0.00650
[12,     8] Training loss: 0.00671
[12,     9] Training loss: 0.00637
[12,    10] Training loss: 0.00616
[12,    11] Training loss: 0.00635
[12,    12] Training loss: 0.00596
[12,    13] Training loss: 0.00615
[12,    14] Training loss: 0.00636
[12,    15] Training loss: 0.00603
[12,    16] Training loss: 0.00643
[12,    17] Training loss: 0.00628
[12,    18] Training loss: 0.00624
[12,    19] Training loss: 0.00646
[12,    20] Training loss: 0.00640
[12,    21] Training loss: 0.00619
[12,    22] Training loss: 0.00638
[12,    23] Training loss: 0.00634
[12,    24] Training loss: 0.00623
[12,    25] Training loss: 0.00640
[12,    26] Training loss: 0.00644
[12,    27] Training loss: 0.00631
[12,    28] Training loss: 0.00626
[12,    29] Training loss: 0.00605
[12,    30] Training loss: 0.00643
[12,    31] Training loss: 0.00649
[12,    32] Training loss: 0.00618
[12] Validation loss: 0.00627
All wavs are synthesized!
All wavs are synthesized!
[13,     1] Training loss: 0.00615
[13,     2] Training loss: 0.00609
[13,     3] Training loss: 0.00635
[13,     4] Training loss: 0.00628
[13,     5] Training loss: 0.00615
[13,     6] Training loss: 0.00611
[13,     7] Training loss: 0.00634
[13,     8] Training loss: 0.00614
[13,     9] Training loss: 0.00631
[13,    10] Training loss: 0.00581
[13,    11] Training loss: 0.00605
[13,    12] Training loss: 0.00643
[13,    13] Training loss: 0.00626
[13,    14] Training loss: 0.00618
[13,    15] Training loss: 0.00618
[13,    16] Training loss: 0.00616
[13,    17] Training loss: 0.00628
[13,    18] Training loss: 0.00612
[13,    19] Training loss: 0.00591
[13,    20] Training loss: 0.00612
[13,    21] Training loss: 0.00622
[13,    22] Training loss: 0.00621
[13,    23] Training loss: 0.00610
[13,    24] Training loss: 0.00609
[13,    25] Training loss: 0.00621
[13,    26] Training loss: 0.00620
[13,    27] Training loss: 0.00617
[13,    28] Training loss: 0.00640
[13,    29] Training loss: 0.00606
[13,    30] Training loss: 0.00619
[13,    31] Training loss: 0.00607
[13,    32] Training loss: 0.00635
[13] Validation loss: 0.00621
All wavs are synthesized!
All wavs are synthesized!
[14,     1] Training loss: 0.00632
[14,     2] Training loss: 0.00608
[14,     3] Training loss: 0.00613
[14,     4] Training loss: 0.00622
[14,     5] Training loss: 0.00585
[14,     6] Training loss: 0.00588
[14,     7] Training loss: 0.00632
[14,     8] Training loss: 0.00631
[14,     9] Training loss: 0.00612
[14,    10] Training loss: 0.00625
[14,    11] Training loss: 0.00611
[14,    12] Training loss: 0.00622
[14,    13] Training loss: 0.00608
[14,    14] Training loss: 0.00611
[14,    15] Training loss: 0.00613
[14,    16] Training loss: 0.00607
[14,    17] Training loss: 0.00623
[14,    18] Training loss: 0.00603
[14,    19] Training loss: 0.00598
[14,    20] Training loss: 0.00607
[14,    21] Training loss: 0.00615
[14,    22] Training loss: 0.00625
[14,    23] Training loss: 0.00620
[14,    24] Training loss: 0.00604
[14,    25] Training loss: 0.00609
[14,    26] Training loss: 0.00616
[14,    27] Training loss: 0.00600
[14,    28] Training loss: 0.00587
[14,    29] Training loss: 0.00601
[14,    30] Training loss: 0.00593
[14,    31] Training loss: 0.00580
[14,    32] Training loss: 0.00618
[14] Validation loss: 0.00599
All wavs are synthesized!
All wavs are synthesized!
[15,     1] Training loss: 0.00592
[15,     2] Training loss: 0.00565
[15,     3] Training loss: 0.00599
[15,     4] Training loss: 0.00572
[15,     5] Training loss: 0.00557
[15,     6] Training loss: 0.00617
[15,     7] Training loss: 0.00577
[15,     8] Training loss: 0.00580
[15,     9] Training loss: 0.00601
[15,    10] Training loss: 0.00606
[15,    11] Training loss: 0.00587
[15,    12] Training loss: 0.00600
[15,    13] Training loss: 0.00574
[15,    14] Training loss: 0.00587
[15,    15] Training loss: 0.00589
[15,    16] Training loss: 0.00603
[15,    17] Training loss: 0.00582
[15,    18] Training loss: 0.00598
[15,    19] Training loss: 0.00602
[15,    20] Training loss: 0.00608
[15,    21] Training loss: 0.00576
[15,    22] Training loss: 0.00598
[15,    23] Training loss: 0.00577
[15,    24] Training loss: 0.00610
[15,    25] Training loss: 0.00615
[15,    26] Training loss: 0.00609
[15,    27] Training loss: 0.00596
[15,    28] Training loss: 0.00562
[15,    29] Training loss: 0.00604
[15,    30] Training loss: 0.00591
[15,    31] Training loss: 0.00599
[15,    32] Training loss: 0.00602
[15] Validation loss: 0.00598
All wavs are synthesized!
All wavs are synthesized!
[16,     1] Training loss: 0.00599
[16,     2] Training loss: 0.00599
[16,     3] Training loss: 0.00595
[16,     4] Training loss: 0.00574
[16,     5] Training loss: 0.00570
[16,     6] Training loss: 0.00582
[16,     7] Training loss: 0.00588
[16,     8] Training loss: 0.00576
[16,     9] Training loss: 0.00583
[16,    10] Training loss: 0.00575
[16,    11] Training loss: 0.00591
[16,    12] Training loss: 0.00594
[16,    13] Training loss: 0.00591
[16,    14] Training loss: 0.00610
[16,    15] Training loss: 0.00568
[16,    16] Training loss: 0.00598
[16,    17] Training loss: 0.00575
[16,    18] Training loss: 0.00553
[16,    19] Training loss: 0.00587
[16,    20] Training loss: 0.00585
[16,    21] Training loss: 0.00577
[16,    22] Training loss: 0.00588
[16,    23] Training loss: 0.00596
[16,    24] Training loss: 0.00575
[16,    25] Training loss: 0.00583
[16,    26] Training loss: 0.00594
[16,    27] Training loss: 0.00592
[16,    28] Training loss: 0.00590
[16,    29] Training loss: 0.00588
[16,    30] Training loss: 0.00578
[16,    31] Training loss: 0.00588
[16,    32] Training loss: 0.00608
[16] Validation loss: 0.00587
All wavs are synthesized!
All wavs are synthesized!
[17,     1] Training loss: 0.00580
[17,     2] Training loss: 0.00583
[17,     3] Training loss: 0.00575
[17,     4] Training loss: 0.00541
[17,     5] Training loss: 0.00558
[17,     6] Training loss: 0.00581
[17,     7] Training loss: 0.00590
[17,     8] Training loss: 0.00563
[17,     9] Training loss: 0.00571
[17,    10] Training loss: 0.00583
[17,    11] Training loss: 0.00570
[17,    12] Training loss: 0.00577
[17,    13] Training loss: 0.00564
[17,    14] Training loss: 0.00577
[17,    15] Training loss: 0.00574
[17,    16] Training loss: 0.00580
[17,    17] Training loss: 0.00571
[17,    18] Training loss: 0.00590
[17,    19] Training loss: 0.00603
[17,    20] Training loss: 0.00588
[17,    21] Training loss: 0.00586
[17,    22] Training loss: 0.00576
[17,    23] Training loss: 0.00591
[17,    24] Training loss: 0.00586
[17,    25] Training loss: 0.00568
[17,    26] Training loss: 0.00583
[17,    27] Training loss: 0.00599
[17,    28] Training loss: 0.00591
[17,    29] Training loss: 0.00598
[17,    30] Training loss: 0.00616
[17,    31] Training loss: 0.00560
[17,    32] Training loss: 0.00600
[17] Validation loss: 0.00586
All wavs are synthesized!
All wavs are synthesized!
[18,     1] Training loss: 0.00568
[18,     2] Training loss: 0.00557
[18,     3] Training loss: 0.00557
[18,     4] Training loss: 0.00583
[18,     5] Training loss: 0.00582
[18,     6] Training loss: 0.00567
[18,     7] Training loss: 0.00553
[18,     8] Training loss: 0.00563
[18,     9] Training loss: 0.00556
[18,    10] Training loss: 0.00574
[18,    11] Training loss: 0.00571
[18,    12] Training loss: 0.00577
[18,    13] Training loss: 0.00563
[18,    14] Training loss: 0.00556
[18,    15] Training loss: 0.00563
[18,    16] Training loss: 0.00565
[18,    17] Training loss: 0.00564
[18,    18] Training loss: 0.00572
[18,    19] Training loss: 0.00564
[18,    20] Training loss: 0.00596
[18,    21] Training loss: 0.00602
[18,    22] Training loss: 0.00561
[18,    23] Training loss: 0.00586
[18,    24] Training loss: 0.00616
[18,    25] Training loss: 0.00574
[18,    26] Training loss: 0.00561
[18,    27] Training loss: 0.00590
[18,    28] Training loss: 0.00552
[18,    29] Training loss: 0.00601
[18,    30] Training loss: 0.00571
[18,    31] Training loss: 0.00598
[18,    32] Training loss: 0.00580
[18] Validation loss: 0.00571
All wavs are synthesized!
All wavs are synthesized!
[19,     1] Training loss: 0.00540
[19,     2] Training loss: 0.00572
[19,     3] Training loss: 0.00564
[19,     4] Training loss: 0.00572
[19,     5] Training loss: 0.00551
[19,     6] Training loss: 0.00567
[19,     7] Training loss: 0.00555
[19,     8] Training loss: 0.00559
[19,     9] Training loss: 0.00569
[19,    10] Training loss: 0.00576
[19,    11] Training loss: 0.00573
[19,    12] Training loss: 0.00558
[19,    13] Training loss: 0.00575
[19,    14] Training loss: 0.00567
[19,    15] Training loss: 0.00553
[19,    16] Training loss: 0.00579
[19,    17] Training loss: 0.00565
[19,    18] Training loss: 0.00543
[19,    19] Training loss: 0.00576
[19,    20] Training loss: 0.00566
[19,    21] Training loss: 0.00559
[19,    22] Training loss: 0.00558
[19,    23] Training loss: 0.00536
[19,    24] Training loss: 0.00545
[19,    25] Training loss: 0.00568
[19,    26] Training loss: 0.00550
[19,    27] Training loss: 0.00578
[19,    28] Training loss: 0.00551
[19,    29] Training loss: 0.00578
[19,    30] Training loss: 0.00569
[19,    31] Training loss: 0.00546
[19,    32] Training loss: 0.00558
[19] Validation loss: 0.00579
All wavs are synthesized!
All wavs are synthesized!
[20,     1] Training loss: 0.00563
[20,     2] Training loss: 0.00579
[20,     3] Training loss: 0.00531
[20,     4] Training loss: 0.00532
[20,     5] Training loss: 0.00545
[20,     6] Training loss: 0.00572
[20,     7] Training loss: 0.00548
[20,     8] Training loss: 0.00559
[20,     9] Training loss: 0.00544
[20,    10] Training loss: 0.00561
[20,    11] Training loss: 0.00549
[20,    12] Training loss: 0.00566
[20,    13] Training loss: 0.00547
[20,    14] Training loss: 0.00560
[20,    15] Training loss: 0.00545
[20,    16] Training loss: 0.00534
[20,    17] Training loss: 0.00555
[20,    18] Training loss: 0.00571
[20,    19] Training loss: 0.00554
[20,    20] Training loss: 0.00552
[20,    21] Training loss: 0.00545
[20,    22] Training loss: 0.00566
[20,    23] Training loss: 0.00553
[20,    24] Training loss: 0.00537
[20,    25] Training loss: 0.00556
[20,    26] Training loss: 0.00555
[20,    27] Training loss: 0.00559
[20,    28] Training loss: 0.00550
[20,    29] Training loss: 0.00541
[20,    30] Training loss: 0.00564
[20,    31] Training loss: 0.00568
[20,    32] Training loss: 0.00550
[20] Validation loss: 0.00571
All wavs are synthesized!
All wavs are synthesized!
[21,     1] Training loss: 0.00559
[21,     2] Training loss: 0.00534
[21,     3] Training loss: 0.00553
[21,     4] Training loss: 0.00521
[21,     5] Training loss: 0.00523
[21,     6] Training loss: 0.00550
[21,     7] Training loss: 0.00543
[21,     8] Training loss: 0.00541
[21,     9] Training loss: 0.00552
[21,    10] Training loss: 0.00583
[21,    11] Training loss: 0.00550
[21,    12] Training loss: 0.00558
[21,    13] Training loss: 0.00523
[21,    14] Training loss: 0.00566
[21,    15] Training loss: 0.00558
[21,    16] Training loss: 0.00561
[21,    17] Training loss: 0.00577
[21,    18] Training loss: 0.00568
[21,    19] Training loss: 0.00547
[21,    20] Training loss: 0.00550
[21,    21] Training loss: 0.00560
[21,    22] Training loss: 0.00564
[21,    23] Training loss: 0.00556
[21,    24] Training loss: 0.00575
[21,    25] Training loss: 0.00567
[21,    26] Training loss: 0.00565
[21,    27] Training loss: 0.00568
[21,    28] Training loss: 0.00555
[21,    29] Training loss: 0.00568
[21,    30] Training loss: 0.00524
[21,    31] Training loss: 0.00597
[21,    32] Training loss: 0.00543
[21] Validation loss: 0.00585
All wavs are synthesized!
All wavs are synthesized!
[22,     1] Training loss: 0.00542
[22,     2] Training loss: 0.00555
[22,     3] Training loss: 0.00568
[22,     4] Training loss: 0.00576
[22,     5] Training loss: 0.00546
[22,     6] Training loss: 0.00559
[22,     7] Training loss: 0.00570
[22,     8] Training loss: 0.00545
[22,     9] Training loss: 0.00536
[22,    10] Training loss: 0.00534
[22,    11] Training loss: 0.00532
[22,    12] Training loss: 0.00562
[22,    13] Training loss: 0.00526
[22,    14] Training loss: 0.00542
[22,    15] Training loss: 0.00563
[22,    16] Training loss: 0.00535
[22,    17] Training loss: 0.00539
[22,    18] Training loss: 0.00533
[22,    19] Training loss: 0.00567
[22,    20] Training loss: 0.00540
[22,    21] Training loss: 0.00547
[22,    22] Training loss: 0.00522
[22,    23] Training loss: 0.00551
[22,    24] Training loss: 0.00572
[22,    25] Training loss: 0.00558
[22,    26] Training loss: 0.00550
[22,    27] Training loss: 0.00538
[22,    28] Training loss: 0.00554
[22,    29] Training loss: 0.00572
[22,    30] Training loss: 0.00545
[22,    31] Training loss: 0.00541
[22,    32] Training loss: 0.00552
[22] Validation loss: 0.00560
All wavs are synthesized!
All wavs are synthesized!
[23,     1] Training loss: 0.00533
[23,     2] Training loss: 0.00568
[23,     3] Training loss: 0.00537
[23,     4] Training loss: 0.00538
[23,     5] Training loss: 0.00545
[23,     6] Training loss: 0.00541
[23,     7] Training loss: 0.00533
[23,     8] Training loss: 0.00519
[23,     9] Training loss: 0.00540
[23,    10] Training loss: 0.00535
[23,    11] Training loss: 0.00509
[23,    12] Training loss: 0.00541
[23,    13] Training loss: 0.00545
[23,    14] Training loss: 0.00574
[23,    15] Training loss: 0.00535
[23,    16] Training loss: 0.00537
[23,    17] Training loss: 0.00539
[23,    18] Training loss: 0.00539
[23,    19] Training loss: 0.00532
[23,    20] Training loss: 0.00526
[23,    21] Training loss: 0.00555
[23,    22] Training loss: 0.00522
[23,    23] Training loss: 0.00548
[23,    24] Training loss: 0.00544
[23,    25] Training loss: 0.00520
[23,    26] Training loss: 0.00536
[23,    27] Training loss: 0.00538
[23,    28] Training loss: 0.00535
[23,    29] Training loss: 0.00523
[23,    30] Training loss: 0.00531
[23,    31] Training loss: 0.00560
[23,    32] Training loss: 0.00519
[23] Validation loss: 0.00551
All wavs are synthesized!
All wavs are synthesized!
[24,     1] Training loss: 0.00526
[24,     2] Training loss: 0.00531
[24,     3] Training loss: 0.00521
[24,     4] Training loss: 0.00540
[24,     5] Training loss: 0.00497
[24,     6] Training loss: 0.00529
[24,     7] Training loss: 0.00519
[24,     8] Training loss: 0.00533
[24,     9] Training loss: 0.00518
[24,    10] Training loss: 0.00519
[24,    11] Training loss: 0.00527
[24,    12] Training loss: 0.00549
[24,    13] Training loss: 0.00516
[24,    14] Training loss: 0.00522
[24,    15] Training loss: 0.00535
[24,    16] Training loss: 0.00531
[24,    17] Training loss: 0.00595
[24,    18] Training loss: 0.00523
[24,    19] Training loss: 0.00537
[24,    20] Training loss: 0.00556
[24,    21] Training loss: 0.00531
[24,    22] Training loss: 0.00528
[24,    23] Training loss: 0.00538
[24,    24] Training loss: 0.00547
[24,    25] Training loss: 0.00540
[24,    26] Training loss: 0.00538
[24,    27] Training loss: 0.00522
[24,    28] Training loss: 0.00540
[24,    29] Training loss: 0.00533
[24,    30] Training loss: 0.00514
[24,    31] Training loss: 0.00520
[24,    32] Training loss: 0.00538
[24] Validation loss: 0.00547
All wavs are synthesized!
All wavs are synthesized!
[25,     1] Training loss: 0.00523
[25,     2] Training loss: 0.00534
[25,     3] Training loss: 0.00510
[25,     4] Training loss: 0.00534
[25,     5] Training loss: 0.00514
[25,     6] Training loss: 0.00514
[25,     7] Training loss: 0.00555
[25,     8] Training loss: 0.00542
[25,     9] Training loss: 0.00555
[25,    10] Training loss: 0.00536
[25,    11] Training loss: 0.00520
[25,    12] Training loss: 0.00531
[25,    13] Training loss: 0.00557
[25,    14] Training loss: 0.00535
[25,    15] Training loss: 0.00514
[25,    16] Training loss: 0.00546
[25,    17] Training loss: 0.00540
[25,    18] Training loss: 0.00538
[25,    19] Training loss: 0.00524
[25,    20] Training loss: 0.00531
[25,    21] Training loss: 0.00524
[25,    22] Training loss: 0.00520
[25,    23] Training loss: 0.00536
[25,    24] Training loss: 0.00531
[25,    25] Training loss: 0.00536
[25,    26] Training loss: 0.00511
[25,    27] Training loss: 0.00520
[25,    28] Training loss: 0.00525
[25,    29] Training loss: 0.00521
[25,    30] Training loss: 0.00535
[25,    31] Training loss: 0.00515
[25,    32] Training loss: 0.00534
[25] Validation loss: 0.00542
All wavs are synthesized!
All wavs are synthesized!
[26,     1] Training loss: 0.00510
[26,     2] Training loss: 0.00533
[26,     3] Training loss: 0.00508
[26,     4] Training loss: 0.00519
[26,     5] Training loss: 0.00532
[26,     6] Training loss: 0.00525
[26,     7] Training loss: 0.00532
[26,     8] Training loss: 0.00547
[26,     9] Training loss: 0.00516
[26,    10] Training loss: 0.00521
[26,    11] Training loss: 0.00504
[26,    12] Training loss: 0.00518
[26,    13] Training loss: 0.00509
[26,    14] Training loss: 0.00531
[26,    15] Training loss: 0.00527
[26,    16] Training loss: 0.00529
[26,    17] Training loss: 0.00529
[26,    18] Training loss: 0.00515
[26,    19] Training loss: 0.00518
[26,    20] Training loss: 0.00513
[26,    21] Training loss: 0.00511
[26,    22] Training loss: 0.00508
[26,    23] Training loss: 0.00530
[26,    24] Training loss: 0.00524
[26,    25] Training loss: 0.00522
[26,    26] Training loss: 0.00540
[26,    27] Training loss: 0.00479
[26,    28] Training loss: 0.00550
[26,    29] Training loss: 0.00531
[26,    30] Training loss: 0.00511
[26,    31] Training loss: 0.00523
[26,    32] Training loss: 0.00512
[26] Validation loss: 0.00548
All wavs are synthesized!
All wavs are synthesized!
[27,     1] Training loss: 0.00515
[27,     2] Training loss: 0.00541
[27,     3] Training loss: 0.00507
[27,     4] Training loss: 0.00532
[27,     5] Training loss: 0.00522
[27,     6] Training loss: 0.00488
[27,     7] Training loss: 0.00511
[27,     8] Training loss: 0.00508
[27,     9] Training loss: 0.00537
[27,    10] Training loss: 0.00525
[27,    11] Training loss: 0.00482
[27,    12] Training loss: 0.00538
[27,    13] Training loss: 0.00536
[27,    14] Training loss: 0.00525
[27,    15] Training loss: 0.00556
[27,    16] Training loss: 0.00507
[27,    17] Training loss: 0.00519
[27,    18] Training loss: 0.00520
[27,    19] Training loss: 0.00535
[27,    20] Training loss: 0.00524
[27,    21] Training loss: 0.00531
[27,    22] Training loss: 0.00520
[27,    23] Training loss: 0.00500
[27,    24] Training loss: 0.00528
[27,    25] Training loss: 0.00522
[27,    26] Training loss: 0.00539
[27,    27] Training loss: 0.00524
[27,    28] Training loss: 0.00523
[27,    29] Training loss: 0.00521
[27,    30] Training loss: 0.00528
[27,    31] Training loss: 0.00528
[27,    32] Training loss: 0.00522
[27] Validation loss: 0.00538
All wavs are synthesized!
All wavs are synthesized!
[28,     1] Training loss: 0.00506
[28,     2] Training loss: 0.00509
[28,     3] Training loss: 0.00512
[28,     4] Training loss: 0.00505
[28,     5] Training loss: 0.00527
[28,     6] Training loss: 0.00514
[28,     7] Training loss: 0.00535
[28,     8] Training loss: 0.00525
[28,     9] Training loss: 0.00509
[28,    10] Training loss: 0.00515
[28,    11] Training loss: 0.00519
[28,    12] Training loss: 0.00515
[28,    13] Training loss: 0.00504
[28,    14] Training loss: 0.00505
[28,    15] Training loss: 0.00528
[28,    16] Training loss: 0.00513
[28,    17] Training loss: 0.00510
[28,    18] Training loss: 0.00528
[28,    19] Training loss: 0.00490
[28,    20] Training loss: 0.00509
[28,    21] Training loss: 0.00528
[28,    22] Training loss: 0.00527
[28,    23] Training loss: 0.00510
[28,    24] Training loss: 0.00517
[28,    25] Training loss: 0.00490
[28,    26] Training loss: 0.00528
[28,    27] Training loss: 0.00529
[28,    28] Training loss: 0.00520
[28,    29] Training loss: 0.00510
[28,    30] Training loss: 0.00522
[28,    31] Training loss: 0.00511
[28,    32] Training loss: 0.00516
[28] Validation loss: 0.00538
All wavs are synthesized!
All wavs are synthesized!
[29,     1] Training loss: 0.00497
[29,     2] Training loss: 0.00503
[29,     3] Training loss: 0.00504
[29,     4] Training loss: 0.00497
[29,     5] Training loss: 0.00516
[29,     6] Training loss: 0.00502
[29,     7] Training loss: 0.00497
[29,     8] Training loss: 0.00493
[29,     9] Training loss: 0.00493
[29,    10] Training loss: 0.00527
[29,    11] Training loss: 0.00531
[29,    12] Training loss: 0.00504
[29,    13] Training loss: 0.00502
[29,    14] Training loss: 0.00523
[29,    15] Training loss: 0.00507
[29,    16] Training loss: 0.00504
[29,    17] Training loss: 0.00530
[29,    18] Training loss: 0.00502
[29,    19] Training loss: 0.00496
[29,    20] Training loss: 0.00500
[29,    21] Training loss: 0.00531
[29,    22] Training loss: 0.00537
[29,    23] Training loss: 0.00499
[29,    24] Training loss: 0.00499
[29,    25] Training loss: 0.00533
[29,    26] Training loss: 0.00526
[29,    27] Training loss: 0.00501
[29,    28] Training loss: 0.00536
[29,    29] Training loss: 0.00512
[29,    30] Training loss: 0.00522
[29,    31] Training loss: 0.00525
[29,    32] Training loss: 0.00513
[29] Validation loss: 0.00544
All wavs are synthesized!
All wavs are synthesized!
[30,     1] Training loss: 0.00529
[30,     2] Training loss: 0.00508
[30,     3] Training loss: 0.00490
[30,     4] Training loss: 0.00497
[30,     5] Training loss: 0.00525
[30,     6] Training loss: 0.00541
[30,     7] Training loss: 0.00532
[30,     8] Training loss: 0.00539
[30,     9] Training loss: 0.00524
[30,    10] Training loss: 0.00518
[30,    11] Training loss: 0.00510
[30,    12] Training loss: 0.00510
[30,    13] Training loss: 0.00504
[30,    14] Training loss: 0.00525
[30,    15] Training loss: 0.00510
[30,    16] Training loss: 0.00501
[30,    17] Training loss: 0.00519
[30,    18] Training loss: 0.00476
[30,    19] Training loss: 0.00516
[30,    20] Training loss: 0.00509
[30,    21] Training loss: 0.00491
[30,    22] Training loss: 0.00491
[30,    23] Training loss: 0.00512
[30,    24] Training loss: 0.00516
[30,    25] Training loss: 0.00499
[30,    26] Training loss: 0.00517
[30,    27] Training loss: 0.00504
[30,    28] Training loss: 0.00492
[30,    29] Training loss: 0.00520
[30,    30] Training loss: 0.00506
[30,    31] Training loss: 0.00513
[30,    32] Training loss: 0.00523
[30] Validation loss: 0.00534
All wavs are synthesized!
All wavs are synthesized!
[31,     1] Training loss: 0.00509
[31,     2] Training loss: 0.00490
[31,     3] Training loss: 0.00495
[31,     4] Training loss: 0.00523
[31,     5] Training loss: 0.00515
[31,     6] Training loss: 0.00494
[31,     7] Training loss: 0.00484
[31,     8] Training loss: 0.00523
[31,     9] Training loss: 0.00506
[31,    10] Training loss: 0.00518
[31,    11] Training loss: 0.00490
[31,    12] Training loss: 0.00518
[31,    13] Training loss: 0.00519
[31,    14] Training loss: 0.00507
[31,    15] Training loss: 0.00486
[31,    16] Training loss: 0.00505
[31,    17] Training loss: 0.00497
[31,    18] Training loss: 0.00512
[31,    19] Training loss: 0.00501
[31,    20] Training loss: 0.00510
[31,    21] Training loss: 0.00500
[31,    22] Training loss: 0.00496
[31,    23] Training loss: 0.00493
[31,    24] Training loss: 0.00515
[31,    25] Training loss: 0.00480
[31,    26] Training loss: 0.00486
[31,    27] Training loss: 0.00507
[31,    28] Training loss: 0.00504
[31,    29] Training loss: 0.00509
[31,    30] Training loss: 0.00498
[31,    31] Training loss: 0.00505
[31,    32] Training loss: 0.00505
[31] Validation loss: 0.00529
All wavs are synthesized!
All wavs are synthesized!
[32,     1] Training loss: 0.00488
[32,     2] Training loss: 0.00509
[32,     3] Training loss: 0.00487
[32,     4] Training loss: 0.00502
[32,     5] Training loss: 0.00491
[32,     6] Training loss: 0.00508
[32,     7] Training loss: 0.00510
[32,     8] Training loss: 0.00483
[32,     9] Training loss: 0.00507
[32,    10] Training loss: 0.00495
[32,    11] Training loss: 0.00490
[32,    12] Training loss: 0.00488
[32,    13] Training loss: 0.00494
[32,    14] Training loss: 0.00489
[32,    15] Training loss: 0.00480
[32,    16] Training loss: 0.00497
[32,    17] Training loss: 0.00494
[32,    18] Training loss: 0.00485
[32,    19] Training loss: 0.00491
[32,    20] Training loss: 0.00538
[32,    21] Training loss: 0.00495
[32,    22] Training loss: 0.00483
[32,    23] Training loss: 0.00497
[32,    24] Training loss: 0.00529
[32,    25] Training loss: 0.00520
[32,    26] Training loss: 0.00480
[32,    27] Training loss: 0.00492
[32,    28] Training loss: 0.00512
[32,    29] Training loss: 0.00508
[32,    30] Training loss: 0.00523
[32,    31] Training loss: 0.00514
[32,    32] Training loss: 0.00507
[32] Validation loss: 0.00532
All wavs are synthesized!
All wavs are synthesized!
[33,     1] Training loss: 0.00472
[33,     2] Training loss: 0.00490
[33,     3] Training loss: 0.00481
[33,     4] Training loss: 0.00492
[33,     5] Training loss: 0.00478
[33,     6] Training loss: 0.00509
[33,     7] Training loss: 0.00498
[33,     8] Training loss: 0.00515
[33,     9] Training loss: 0.00487
[33,    10] Training loss: 0.00486
[33,    11] Training loss: 0.00477
[33,    12] Training loss: 0.00508
[33,    13] Training loss: 0.00496
[33,    14] Training loss: 0.00484
[33,    15] Training loss: 0.00480
[33,    16] Training loss: 0.00503
[33,    17] Training loss: 0.00486
[33,    18] Training loss: 0.00513
[33,    19] Training loss: 0.00522
[33,    20] Training loss: 0.00482
[33,    21] Training loss: 0.00501
[33,    22] Training loss: 0.00497
[33,    23] Training loss: 0.00491
[33,    24] Training loss: 0.00498
[33,    25] Training loss: 0.00513
[33,    26] Training loss: 0.00516
[33,    27] Training loss: 0.00491
[33,    28] Training loss: 0.00492
[33,    29] Training loss: 0.00504
[33,    30] Training loss: 0.00492
[33,    31] Training loss: 0.00498
[33,    32] Training loss: 0.00486
[33] Validation loss: 0.00520
All wavs are synthesized!
All wavs are synthesized!
[34,     1] Training loss: 0.00486
[34,     2] Training loss: 0.00480
[34,     3] Training loss: 0.00499
[34,     4] Training loss: 0.00494
[34,     5] Training loss: 0.00480
[34,     6] Training loss: 0.00489
[34,     7] Training loss: 0.00472
[34,     8] Training loss: 0.00484
[34,     9] Training loss: 0.00483
[34,    10] Training loss: 0.00469
[34,    11] Training loss: 0.00495
[34,    12] Training loss: 0.00485
[34,    13] Training loss: 0.00511
[34,    14] Training loss: 0.00473
[34,    15] Training loss: 0.00487
[34,    16] Training loss: 0.00474
[34,    17] Training loss: 0.00502
[34,    18] Training loss: 0.00498
[34,    19] Training loss: 0.00483
[34,    20] Training loss: 0.00509
[34,    21] Training loss: 0.00507
[34,    22] Training loss: 0.00464
[34,    23] Training loss: 0.00455
[34,    24] Training loss: 0.00489
[34,    25] Training loss: 0.00497
[34,    26] Training loss: 0.00491
[34,    27] Training loss: 0.00501
[34,    28] Training loss: 0.00493
[34,    29] Training loss: 0.00490
[34,    30] Training loss: 0.00520
[34,    31] Training loss: 0.00498
[34,    32] Training loss: 0.00495
[34] Validation loss: 0.00537
All wavs are synthesized!
All wavs are synthesized!
[35,     1] Training loss: 0.00488
[35,     2] Training loss: 0.00468
[35,     3] Training loss: 0.00474
[35,     4] Training loss: 0.00495
[35,     5] Training loss: 0.00476
[35,     6] Training loss: 0.00484
[35,     7] Training loss: 0.00497
[35,     8] Training loss: 0.00482
[35,     9] Training loss: 0.00492
[35,    10] Training loss: 0.00491
[35,    11] Training loss: 0.00475
[35,    12] Training loss: 0.00487
[35,    13] Training loss: 0.00479
[35,    14] Training loss: 0.00481
[35,    15] Training loss: 0.00488
[35,    16] Training loss: 0.00475
[35,    17] Training loss: 0.00486
[35,    18] Training loss: 0.00494
[35,    19] Training loss: 0.00492
[35,    20] Training loss: 0.00500
[35,    21] Training loss: 0.00479
[35,    22] Training loss: 0.00468
[35,    23] Training loss: 0.00480
[35,    24] Training loss: 0.00505
[35,    25] Training loss: 0.00512
[35,    26] Training loss: 0.00496
[35,    27] Training loss: 0.00488
[35,    28] Training loss: 0.00503
[35,    29] Training loss: 0.00506
[35,    30] Training loss: 0.00513
[35,    31] Training loss: 0.00486
[35,    32] Training loss: 0.00500
[35] Validation loss: 0.00532
All wavs are synthesized!
All wavs are synthesized!
[36,     1] Training loss: 0.00493
[36,     2] Training loss: 0.00498
[36,     3] Training loss: 0.00490
[36,     4] Training loss: 0.00506
[36,     5] Training loss: 0.00481
[36,     6] Training loss: 0.00496
[36,     7] Training loss: 0.00464
[36,     8] Training loss: 0.00495
[36,     9] Training loss: 0.00485
[36,    10] Training loss: 0.00504
[36,    11] Training loss: 0.00510
[36,    12] Training loss: 0.00479
[36,    13] Training loss: 0.00494
[36,    14] Training loss: 0.00492
[36,    15] Training loss: 0.00482
[36,    16] Training loss: 0.00502
[36,    17] Training loss: 0.00491
[36,    18] Training loss: 0.00489
[36,    19] Training loss: 0.00476
[36,    20] Training loss: 0.00490
[36,    21] Training loss: 0.00488
[36,    22] Training loss: 0.00485
[36,    23] Training loss: 0.00493
[36,    24] Training loss: 0.00490
[36,    25] Training loss: 0.00484
[36,    26] Training loss: 0.00490
[36,    27] Training loss: 0.00468
[36,    28] Training loss: 0.00496
[36,    29] Training loss: 0.00484
[36,    30] Training loss: 0.00481
[36,    31] Training loss: 0.00501
[36,    32] Training loss: 0.00493
[36] Validation loss: 0.00522
All wavs are synthesized!
All wavs are synthesized!
[37,     1] Training loss: 0.00477
[37,     2] Training loss: 0.00458
[37,     3] Training loss: 0.00457
[37,     4] Training loss: 0.00511
[37,     5] Training loss: 0.00480
[37,     6] Training loss: 0.00486
[37,     7] Training loss: 0.00482
[37,     8] Training loss: 0.00483
[37,     9] Training loss: 0.00476
[37,    10] Training loss: 0.00479
[37,    11] Training loss: 0.00482
[37,    12] Training loss: 0.00480
[37,    13] Training loss: 0.00472
[37,    14] Training loss: 0.00485
[37,    15] Training loss: 0.00482
[37,    16] Training loss: 0.00472
[37,    17] Training loss: 0.00495
[37,    18] Training loss: 0.00503
[37,    19] Training loss: 0.00479
[37,    20] Training loss: 0.00498
[37,    21] Training loss: 0.00458
[37,    22] Training loss: 0.00472
[37,    23] Training loss: 0.00475
[37,    24] Training loss: 0.00449
[37,    25] Training loss: 0.00490
[37,    26] Training loss: 0.00488
[37,    27] Training loss: 0.00471
[37,    28] Training loss: 0.00504
[37,    29] Training loss: 0.00487
[37,    30] Training loss: 0.00485
[37,    31] Training loss: 0.00493
[37,    32] Training loss: 0.00470
[37] Validation loss: 0.00526
All wavs are synthesized!
All wavs are synthesized!
[38,     1] Training loss: 0.00483
[38,     2] Training loss: 0.00467
[38,     3] Training loss: 0.00477
[38,     4] Training loss: 0.00452
[38,     5] Training loss: 0.00459
[38,     6] Training loss: 0.00462
[38,     7] Training loss: 0.00476
[38,     8] Training loss: 0.00494
[38,     9] Training loss: 0.00478
[38,    10] Training loss: 0.00484
[38,    11] Training loss: 0.00465
[38,    12] Training loss: 0.00463
[38,    13] Training loss: 0.00482
[38,    14] Training loss: 0.00472
[38,    15] Training loss: 0.00476
[38,    16] Training loss: 0.00483
[38,    17] Training loss: 0.00463
[38,    18] Training loss: 0.00466
[38,    19] Training loss: 0.00483
[38,    20] Training loss: 0.00482
[38,    21] Training loss: 0.00461
[38,    22] Training loss: 0.00468
[38,    23] Training loss: 0.00482
[38,    24] Training loss: 0.00472
[38,    25] Training loss: 0.00486
[38,    26] Training loss: 0.00486
[38,    27] Training loss: 0.00485
[38,    28] Training loss: 0.00484
[38,    29] Training loss: 0.00491
[38,    30] Training loss: 0.00473
[38,    31] Training loss: 0.00474
[38,    32] Training loss: 0.00473
[38] Validation loss: 0.00518
All wavs are synthesized!
All wavs are synthesized!
[39,     1] Training loss: 0.00476
[39,     2] Training loss: 0.00452
[39,     3] Training loss: 0.00462
[39,     4] Training loss: 0.00462
[39,     5] Training loss: 0.00458
[39,     6] Training loss: 0.00462
[39,     7] Training loss: 0.00495
[39,     8] Training loss: 0.00471
[39,     9] Training loss: 0.00470
[39,    10] Training loss: 0.00463
[39,    11] Training loss: 0.00471
[39,    12] Training loss: 0.00442
[39,    13] Training loss: 0.00477
[39,    14] Training loss: 0.00490
[39,    15] Training loss: 0.00482
[39,    16] Training loss: 0.00480
[39,    17] Training loss: 0.00481
[39,    18] Training loss: 0.00470
[39,    19] Training loss: 0.00490
[39,    20] Training loss: 0.00478
[39,    21] Training loss: 0.00468
[39,    22] Training loss: 0.00490
[39,    23] Training loss: 0.00480
[39,    24] Training loss: 0.00504
[39,    25] Training loss: 0.00455
[39,    26] Training loss: 0.00488
[39,    27] Training loss: 0.00478
[39,    28] Training loss: 0.00480
[39,    29] Training loss: 0.00478
[39,    30] Training loss: 0.00471
[39,    31] Training loss: 0.00466
[39,    32] Training loss: 0.00485
[39] Validation loss: 0.00528
All wavs are synthesized!
All wavs are synthesized!
[40,     1] Training loss: 0.00448
[40,     2] Training loss: 0.00475
[40,     3] Training loss: 0.00498
[40,     4] Training loss: 0.00476
[40,     5] Training loss: 0.00471
[40,     6] Training loss: 0.00465
[40,     7] Training loss: 0.00445
[40,     8] Training loss: 0.00486
[40,     9] Training loss: 0.00465
[40,    10] Training loss: 0.00460
[40,    11] Training loss: 0.00504
[40,    12] Training loss: 0.00476
[40,    13] Training loss: 0.00463
[40,    14] Training loss: 0.00459
[40,    15] Training loss: 0.00470
[40,    16] Training loss: 0.00476
[40,    17] Training loss: 0.00460
[40,    18] Training loss: 0.00469
[40,    19] Training loss: 0.00469
[40,    20] Training loss: 0.00479
[40,    21] Training loss: 0.00478
[40,    22] Training loss: 0.00476
[40,    23] Training loss: 0.00477
[40,    24] Training loss: 0.00469
[40,    25] Training loss: 0.00486
[40,    26] Training loss: 0.00481
[40,    27] Training loss: 0.00476
[40,    28] Training loss: 0.00458
[40,    29] Training loss: 0.00471
[40,    30] Training loss: 0.00474
[40,    31] Training loss: 0.00481
[40,    32] Training loss: 0.00472
[40] Validation loss: 0.00525
All wavs are synthesized!
All wavs are synthesized!
[41,     1] Training loss: 0.00442
[41,     2] Training loss: 0.00454
[41,     3] Training loss: 0.00478
[41,     4] Training loss: 0.00461
[41,     5] Training loss: 0.00463
[41,     6] Training loss: 0.00457
[41,     7] Training loss: 0.00448
[41,     8] Training loss: 0.00492
[41,     9] Training loss: 0.00487
[41,    10] Training loss: 0.00458
[41,    11] Training loss: 0.00480
[41,    12] Training loss: 0.00475
[41,    13] Training loss: 0.00478
[41,    14] Training loss: 0.00458
[41,    15] Training loss: 0.00468
[41,    16] Training loss: 0.00473
[41,    17] Training loss: 0.00475
[41,    18] Training loss: 0.00456
[41,    19] Training loss: 0.00496
[41,    20] Training loss: 0.00449
[41,    21] Training loss: 0.00458
[41,    22] Training loss: 0.00473
[41,    23] Training loss: 0.00488
[41,    24] Training loss: 0.00473
[41,    25] Training loss: 0.00481
[41,    26] Training loss: 0.00477
[41,    27] Training loss: 0.00500
[41,    28] Training loss: 0.00472
[41,    29] Training loss: 0.00466
[41,    30] Training loss: 0.00475
[41,    31] Training loss: 0.00485
[41,    32] Training loss: 0.00491
[41] Validation loss: 0.00520
All wavs are synthesized!
All wavs are synthesized!
[42,     1] Training loss: 0.00452
[42,     2] Training loss: 0.00496
[42,     3] Training loss: 0.00462
[42,     4] Training loss: 0.00441
[42,     5] Training loss: 0.00479
[42,     6] Training loss: 0.00464
[42,     7] Training loss: 0.00459
[42,     8] Training loss: 0.00464
[42,     9] Training loss: 0.00457
[42,    10] Training loss: 0.00466
[42,    11] Training loss: 0.00461
[42,    12] Training loss: 0.00458
[42,    13] Training loss: 0.00491
[42,    14] Training loss: 0.00477
[42,    15] Training loss: 0.00461
[42,    16] Training loss: 0.00491
[42,    17] Training loss: 0.00476
[42,    18] Training loss: 0.00461
[42,    19] Training loss: 0.00472
[42,    20] Training loss: 0.00459
[42,    21] Training loss: 0.00465
[42,    22] Training loss: 0.00471
[42,    23] Training loss: 0.00482
[42,    24] Training loss: 0.00458
[42,    25] Training loss: 0.00442
[42,    26] Training loss: 0.00490
[42,    27] Training loss: 0.00466
[42,    28] Training loss: 0.00445
[42,    29] Training loss: 0.00473
[42,    30] Training loss: 0.00461
[42,    31] Training loss: 0.00475
[42,    32] Training loss: 0.00471
[42] Validation loss: 0.00518
All wavs are synthesized!
All wavs are synthesized!
[43,     1] Training loss: 0.00456
[43,     2] Training loss: 0.00459
[43,     3] Training loss: 0.00448
[43,     4] Training loss: 0.00453
[43,     5] Training loss: 0.00456
[43,     6] Training loss: 0.00488
[43,     7] Training loss: 0.00454
[43,     8] Training loss: 0.00452
[43,     9] Training loss: 0.00462
[43,    10] Training loss: 0.00467
[43,    11] Training loss: 0.00464
[43,    12] Training loss: 0.00471
[43,    13] Training loss: 0.00481
[43,    14] Training loss: 0.00472
[43,    15] Training loss: 0.00473
[43,    16] Training loss: 0.00475
[43,    17] Training loss: 0.00473
[43,    18] Training loss: 0.00455
[43,    19] Training loss: 0.00484
[43,    20] Training loss: 0.00479
[43,    21] Training loss: 0.00468
[43,    22] Training loss: 0.00460
[43,    23] Training loss: 0.00450
[43,    24] Training loss: 0.00455
[43,    25] Training loss: 0.00473
[43,    26] Training loss: 0.00437
[43,    27] Training loss: 0.00494
[43,    28] Training loss: 0.00465
[43,    29] Training loss: 0.00476
[43,    30] Training loss: 0.00445
[43,    31] Training loss: 0.00469
[43,    32] Training loss: 0.00466
[43] Validation loss: 0.00519
All wavs are synthesized!
All wavs are synthesized!
[44,     1] Training loss: 0.00454
[44,     2] Training loss: 0.00467
[44,     3] Training loss: 0.00442
[44,     4] Training loss: 0.00438
[44,     5] Training loss: 0.00455
[44,     6] Training loss: 0.00464
[44,     7] Training loss: 0.00466
[44,     8] Training loss: 0.00455
[44,     9] Training loss: 0.00455
[44,    10] Training loss: 0.00440
[44,    11] Training loss: 0.00459
[44,    12] Training loss: 0.00481
[44,    13] Training loss: 0.00475
[44,    14] Training loss: 0.00452
[44,    15] Training loss: 0.00447
[44,    16] Training loss: 0.00456
[44,    17] Training loss: 0.00482
[44,    18] Training loss: 0.00462
[44,    19] Training loss: 0.00451
[44,    20] Training loss: 0.00459
[44,    21] Training loss: 0.00468
[44,    22] Training loss: 0.00459
[44,    23] Training loss: 0.00454
[44,    24] Training loss: 0.00463
[44,    25] Training loss: 0.00466
[44,    26] Training loss: 0.00467
[44,    27] Training loss: 0.00456
[44,    28] Training loss: 0.00476
[44,    29] Training loss: 0.00475
[44,    30] Training loss: 0.00476
[44,    31] Training loss: 0.00455
[44,    32] Training loss: 0.00454
[44] Validation loss: 0.00520
All wavs are synthesized!
All wavs are synthesized!
[45,     1] Training loss: 0.00432
[45,     2] Training loss: 0.00449
[45,     3] Training loss: 0.00444
[45,     4] Training loss: 0.00444
[45,     5] Training loss: 0.00438
[45,     6] Training loss: 0.00452
[45,     7] Training loss: 0.00456
[45,     8] Training loss: 0.00452
[45,     9] Training loss: 0.00438
[45,    10] Training loss: 0.00445
[45,    11] Training loss: 0.00438
[45,    12] Training loss: 0.00462
[45,    13] Training loss: 0.00464
[45,    14] Training loss: 0.00476
[45,    15] Training loss: 0.00463
[45,    16] Training loss: 0.00450
[45,    17] Training loss: 0.00453
[45,    18] Training loss: 0.00443
[45,    19] Training loss: 0.00447
[45,    20] Training loss: 0.00447
[45,    21] Training loss: 0.00461
[45,    22] Training loss: 0.00475
[45,    23] Training loss: 0.00445
[45,    24] Training loss: 0.00464
[45,    25] Training loss: 0.00460
[45,    26] Training loss: 0.00446
[45,    27] Training loss: 0.00491
[45,    28] Training loss: 0.00455
[45,    29] Training loss: 0.00452
[45,    30] Training loss: 0.00469
[45,    31] Training loss: 0.00477
[45,    32] Training loss: 0.00444
[45] Validation loss: 0.00517
All wavs are synthesized!
All wavs are synthesized!
[46,     1] Training loss: 0.00440
[46,     2] Training loss: 0.00454
[46,     3] Training loss: 0.00450
[46,     4] Training loss: 0.00438
[46,     5] Training loss: 0.00460
[46,     6] Training loss: 0.00443
[46,     7] Training loss: 0.00433
[46,     8] Training loss: 0.00471
[46,     9] Training loss: 0.00452
[46,    10] Training loss: 0.00433
[46,    11] Training loss: 0.00469
[46,    12] Training loss: 0.00445
[46,    13] Training loss: 0.00450
[46,    14] Training loss: 0.00453
[46,    15] Training loss: 0.00451
[46,    16] Training loss: 0.00447
[46,    17] Training loss: 0.00465
[46,    18] Training loss: 0.00475
[46,    19] Training loss: 0.00471
[46,    20] Training loss: 0.00469
[46,    21] Training loss: 0.00459
[46,    22] Training loss: 0.00469
[46,    23] Training loss: 0.00458
[46,    24] Training loss: 0.00441
[46,    25] Training loss: 0.00456
[46,    26] Training loss: 0.00456
[46,    27] Training loss: 0.00462
[46,    28] Training loss: 0.00455
[46,    29] Training loss: 0.00488
[46,    30] Training loss: 0.00439
[46,    31] Training loss: 0.00447
[46,    32] Training loss: 0.00454
[46] Validation loss: 0.00523
All wavs are synthesized!
All wavs are synthesized!
[47,     1] Training loss: 0.00431
[47,     2] Training loss: 0.00461
[47,     3] Training loss: 0.00439
[47,     4] Training loss: 0.00441
[47,     5] Training loss: 0.00455
[47,     6] Training loss: 0.00441
[47,     7] Training loss: 0.00461
[47,     8] Training loss: 0.00452
[47,     9] Training loss: 0.00452
[47,    10] Training loss: 0.00455
[47,    11] Training loss: 0.00458
[47,    12] Training loss: 0.00450
[47,    13] Training loss: 0.00450
[47,    14] Training loss: 0.00443
[47,    15] Training loss: 0.00441
[47,    16] Training loss: 0.00447
[47,    17] Training loss: 0.00433
[47,    18] Training loss: 0.00453
[47,    19] Training loss: 0.00438
[47,    20] Training loss: 0.00428
[47,    21] Training loss: 0.00483
[47,    22] Training loss: 0.00456
[47,    23] Training loss: 0.00437
[47,    24] Training loss: 0.00428
[47,    25] Training loss: 0.00448
[47,    26] Training loss: 0.00458
[47,    27] Training loss: 0.00450
[47,    28] Training loss: 0.00466
[47,    29] Training loss: 0.00458
[47,    30] Training loss: 0.00444
[47,    31] Training loss: 0.00469
[47,    32] Training loss: 0.00439
[47] Validation loss: 0.00523
All wavs are synthesized!
All wavs are synthesized!
[48,     1] Training loss: 0.00455
[48,     2] Training loss: 0.00437
[48,     3] Training loss: 0.00449
[48,     4] Training loss: 0.00448
[48,     5] Training loss: 0.00452
[48,     6] Training loss: 0.00443
[48,     7] Training loss: 0.00449
[48,     8] Training loss: 0.00443
[48,     9] Training loss: 0.00460
[48,    10] Training loss: 0.00434
[48,    11] Training loss: 0.00437
[48,    12] Training loss: 0.00448
[48,    13] Training loss: 0.00471
[48,    14] Training loss: 0.00446
[48,    15] Training loss: 0.00444
[48,    16] Training loss: 0.00451
[48,    17] Training loss: 0.00441
[48,    18] Training loss: 0.00460
[48,    19] Training loss: 0.00452
[48,    20] Training loss: 0.00446
[48,    21] Training loss: 0.00448
[48,    22] Training loss: 0.00439
[48,    23] Training loss: 0.00464
[48,    24] Training loss: 0.00443
[48,    25] Training loss: 0.00428
[48,    26] Training loss: 0.00454
[48,    27] Training loss: 0.00443
[48,    28] Training loss: 0.00437
[48,    29] Training loss: 0.00454
[48,    30] Training loss: 0.00437
[48,    31] Training loss: 0.00456
[48,    32] Training loss: 0.00453
[48] Validation loss: 0.00524
All wavs are synthesized!
All wavs are synthesized!
[49,     1] Training loss: 0.00451
[49,     2] Training loss: 0.00424
[49,     3] Training loss: 0.00422
[49,     4] Training loss: 0.00458
[49,     5] Training loss: 0.00445
[49,     6] Training loss: 0.00456
[49,     7] Training loss: 0.00436
[49,     8] Training loss: 0.00442
[49,     9] Training loss: 0.00437
[49,    10] Training loss: 0.00424
[49,    11] Training loss: 0.00419
[49,    12] Training loss: 0.00434
[49,    13] Training loss: 0.00419
[49,    14] Training loss: 0.00456
[49,    15] Training loss: 0.00420
[49,    16] Training loss: 0.00443
[49,    17] Training loss: 0.00438
[49,    18] Training loss: 0.00466
[49,    19] Training loss: 0.00473
[49,    20] Training loss: 0.00433
[49,    21] Training loss: 0.00457
[49,    22] Training loss: 0.00441
[49,    23] Training loss: 0.00444
[49,    24] Training loss: 0.00436
[49,    25] Training loss: 0.00434
[49,    26] Training loss: 0.00430
[49,    27] Training loss: 0.00439
[49,    28] Training loss: 0.00452
[49,    29] Training loss: 0.00469
[49,    30] Training loss: 0.00434
[49,    31] Training loss: 0.00462
[49,    32] Training loss: 0.00457
[49] Validation loss: 0.00518
All wavs are synthesized!
All wavs are synthesized!
[50,     1] Training loss: 0.00434
[50,     2] Training loss: 0.00443
[50,     3] Training loss: 0.00429
[50,     4] Training loss: 0.00432
[50,     5] Training loss: 0.00445
[50,     6] Training loss: 0.00445
[50,     7] Training loss: 0.00445
[50,     8] Training loss: 0.00434
[50,     9] Training loss: 0.00445
[50,    10] Training loss: 0.00440
[50,    11] Training loss: 0.00458
[50,    12] Training loss: 0.00433
[50,    13] Training loss: 0.00449
[50,    14] Training loss: 0.00433
[50,    15] Training loss: 0.00430
[50,    16] Training loss: 0.00464
[50,    17] Training loss: 0.00446
[50,    18] Training loss: 0.00457
[50,    19] Training loss: 0.00437
[50,    20] Training loss: 0.00457
[50,    21] Training loss: 0.00447
[50,    22] Training loss: 0.00461
[50,    23] Training loss: 0.00446
[50,    24] Training loss: 0.00443
[50,    25] Training loss: 0.00424
[50,    26] Training loss: 0.00443
[50,    27] Training loss: 0.00438
[50,    28] Training loss: 0.00440
[50,    29] Training loss: 0.00459
[50,    30] Training loss: 0.00447
[50,    31] Training loss: 0.00414
[50,    32] Training loss: 0.00450
[50] Validation loss: 0.00522
All wavs are synthesized!
All wavs are synthesized!
[51,     1] Training loss: 0.00428
[51,     2] Training loss: 0.00412
[51,     3] Training loss: 0.00411
[51,     4] Training loss: 0.00449
[51,     5] Training loss: 0.00434
[51,     6] Training loss: 0.00431
[51,     7] Training loss: 0.00423
[51,     8] Training loss: 0.00458
[51,     9] Training loss: 0.00452
[51,    10] Training loss: 0.00434
[51,    11] Training loss: 0.00437
[51,    12] Training loss: 0.00444
[51,    13] Training loss: 0.00419
[51,    14] Training loss: 0.00446
[51,    15] Training loss: 0.00430
[51,    16] Training loss: 0.00441
[51,    17] Training loss: 0.00432
[51,    18] Training loss: 0.00436
[51,    19] Training loss: 0.00430
[51,    20] Training loss: 0.00424
[51,    21] Training loss: 0.00435
[51,    22] Training loss: 0.00434
[51,    23] Training loss: 0.00425
[51,    24] Training loss: 0.00461
[51,    25] Training loss: 0.00462
[51,    26] Training loss: 0.00449
[51,    27] Training loss: 0.00447
[51,    28] Training loss: 0.00434
[51,    29] Training loss: 0.00437
[51,    30] Training loss: 0.00457
[51,    31] Training loss: 0.00459
[51,    32] Training loss: 0.00443
[51] Validation loss: 0.00526
All wavs are synthesized!
All wavs are synthesized!
[52,     1] Training loss: 0.00425
[52,     2] Training loss: 0.00416
[52,     3] Training loss: 0.00426
[52,     4] Training loss: 0.00441
[52,     5] Training loss: 0.00417
[52,     6] Training loss: 0.00419
[52,     7] Training loss: 0.00429
[52,     8] Training loss: 0.00420
[52,     9] Training loss: 0.00436
[52,    10] Training loss: 0.00421
[52,    11] Training loss: 0.00437
[52,    12] Training loss: 0.00414
[52,    13] Training loss: 0.00426
[52,    14] Training loss: 0.00429
[52,    15] Training loss: 0.00434
[52,    16] Training loss: 0.00436
[52,    17] Training loss: 0.00420
[52,    18] Training loss: 0.00458
[52,    19] Training loss: 0.00445
[52,    20] Training loss: 0.00451
[52,    21] Training loss: 0.00427
[52,    22] Training loss: 0.00428
[52,    23] Training loss: 0.00439
[52,    24] Training loss: 0.00434
[52,    25] Training loss: 0.00431
[52,    26] Training loss: 0.00417
[52,    27] Training loss: 0.00435
[52,    28] Training loss: 0.00445
[52,    29] Training loss: 0.00435
[52,    30] Training loss: 0.00449
[52,    31] Training loss: 0.00461
[52,    32] Training loss: 0.00436
[52] Validation loss: 0.00512
All wavs are synthesized!
All wavs are synthesized!
[53,     1] Training loss: 0.00415
[53,     2] Training loss: 0.00431
[53,     3] Training loss: 0.00451
[53,     4] Training loss: 0.00429
[53,     5] Training loss: 0.00424
[53,     6] Training loss: 0.00438
[53,     7] Training loss: 0.00434
[53,     8] Training loss: 0.00429
[53,     9] Training loss: 0.00442
[53,    10] Training loss: 0.00415
[53,    11] Training loss: 0.00437
[53,    12] Training loss: 0.00432
[53,    13] Training loss: 0.00422
[53,    14] Training loss: 0.00436
[53,    15] Training loss: 0.00419
[53,    16] Training loss: 0.00419
[53,    17] Training loss: 0.00434
[53,    18] Training loss: 0.00432
[53,    19] Training loss: 0.00432
[53,    20] Training loss: 0.00421
[53,    21] Training loss: 0.00424
[53,    22] Training loss: 0.00454
[53,    23] Training loss: 0.00445
[53,    24] Training loss: 0.00431
[53,    25] Training loss: 0.00449
[53,    26] Training loss: 0.00427
[53,    27] Training loss: 0.00438
[53,    28] Training loss: 0.00420
[53,    29] Training loss: 0.00433
[53,    30] Training loss: 0.00429
[53,    31] Training loss: 0.00421
[53,    32] Training loss: 0.00433
[53] Validation loss: 0.00519
All wavs are synthesized!
All wavs are synthesized!
[54,     1] Training loss: 0.00413
[54,     2] Training loss: 0.00431
[54,     3] Training loss: 0.00397
[54,     4] Training loss: 0.00414
[54,     5] Training loss: 0.00442
[54,     6] Training loss: 0.00417
[54,     7] Training loss: 0.00419
[54,     8] Training loss: 0.00424
[54,     9] Training loss: 0.00435
[54,    10] Training loss: 0.00419
[54,    11] Training loss: 0.00420
[54,    12] Training loss: 0.00437
[54,    13] Training loss: 0.00424
[54,    14] Training loss: 0.00427
[54,    15] Training loss: 0.00436
[54,    16] Training loss: 0.00448
[54,    17] Training loss: 0.00454
[54,    18] Training loss: 0.00425
[54,    19] Training loss: 0.00434
[54,    20] Training loss: 0.00413
[54,    21] Training loss: 0.00431
[54,    22] Training loss: 0.00446
[54,    23] Training loss: 0.00423
[54,    24] Training loss: 0.00437
[54,    25] Training loss: 0.00434
[54,    26] Training loss: 0.00428
[54,    27] Training loss: 0.00431
[54,    28] Training loss: 0.00432
[54,    29] Training loss: 0.00436
[54,    30] Training loss: 0.00434
[54,    31] Training loss: 0.00431
[54,    32] Training loss: 0.00441
[54] Validation loss: 0.00523
All wavs are synthesized!
All wavs are synthesized!
[55,     1] Training loss: 0.00421
[55,     2] Training loss: 0.00432
[55,     3] Training loss: 0.00423
[55,     4] Training loss: 0.00416
[55,     5] Training loss: 0.00432
[55,     6] Training loss: 0.00428
[55,     7] Training loss: 0.00430
[55,     8] Training loss: 0.00419
[55,     9] Training loss: 0.00438
[55,    10] Training loss: 0.00420
[55,    11] Training loss: 0.00421
[55,    12] Training loss: 0.00420
[55,    13] Training loss: 0.00409
[55,    14] Training loss: 0.00418
[55,    15] Training loss: 0.00455
[55,    16] Training loss: 0.00426
[55,    17] Training loss: 0.00422
[55,    18] Training loss: 0.00433
[55,    19] Training loss: 0.00421
[55,    20] Training loss: 0.00423
[55,    21] Training loss: 0.00428
[55,    22] Training loss: 0.00415
[55,    23] Training loss: 0.00431
[55,    24] Training loss: 0.00453
[55,    25] Training loss: 0.00434
[55,    26] Training loss: 0.00437
[55,    27] Training loss: 0.00416
[55,    28] Training loss: 0.00424
/opt/conda/envs/ppg-vc-env/lib/python3.7/site-packages/tensorflow/python/framework/dtypes.py:526: FutureWarning: Passing (type, 1) or '1type' as a synonym of type is deprecated; in a future version of numpy, it will be understood as (type, (1,)) / '(1,)type'.
  _np_qint8 = np.dtype([("qint8", np.int8, 1)])
/opt/conda/envs/ppg-vc-env/lib/python3.7/site-packages/tensorflow/python/framework/dtypes.py:527: FutureWarning: Passing (type, 1) or '1type' as a synonym of type is deprecated; in a future version of numpy, it will be understood as (type, (1,)) / '(1,)type'.
  _np_quint8 = np.dtype([("quint8", np.uint8, 1)])
/opt/conda/envs/ppg-vc-env/lib/python3.7/site-packages/tensorflow/python/framework/dtypes.py:528: FutureWarning: Passing (type, 1) or '1type' as a synonym of type is deprecated; in a future version of numpy, it will be understood as (type, (1,)) / '(1,)type'.
  _np_qint16 = np.dtype([("qint16", np.int16, 1)])
/opt/conda/envs/ppg-vc-env/lib/python3.7/site-packages/tensorflow/python/framework/dtypes.py:529: FutureWarning: Passing (type, 1) or '1type' as a synonym of type is deprecated; in a future version of numpy, it will be understood as (type, (1,)) / '(1,)type'.
  _np_quint16 = np.dtype([("quint16", np.uint16, 1)])
/opt/conda/envs/ppg-vc-env/lib/python3.7/site-packages/tensorflow/python/framework/dtypes.py:530: FutureWarning: Passing (type, 1) or '1type' as a synonym of type is deprecated; in a future version of numpy, it will be understood as (type, (1,)) / '(1,)type'.
  _np_qint32 = np.dtype([("qint32", np.int32, 1)])
/opt/conda/envs/ppg-vc-env/lib/python3.7/site-packages/tensorflow/python/framework/dtypes.py:535: FutureWarning: Passing (type, 1) or '1type' as a synonym of type is deprecated; in a future version of numpy, it will be understood as (type, (1,)) / '(1,)type'.
  np_resource = np.dtype([("resource", np.ubyte, 1)])
[55,    29] Training loss: 0.00426
[55,    30] Training loss: 0.00421
[55,    31] Training loss: 0.00422
[55,    32] Training loss: 0.00425
[55] Validation loss: 0.00519
All wavs are synthesized!
All wavs are synthesized!
[56,     1] Training loss: 0.00420
[56,     2] Training loss: 0.00412
[56,     3] Training loss: 0.00424
[56,     4] Training loss: 0.00414
[56,     5] Training loss: 0.00403
[56,     6] Training loss: 0.00426
[56,     7] Training loss: 0.00407
[56,     8] Training loss: 0.00403
[56,     9] Training loss: 0.00430
[56,    10] Training loss: 0.00416
[56,    11] Training loss: 0.00423
[56,    12] Training loss: 0.00451
[56,    13] Training loss: 0.00410
[56,    14] Training loss: 0.00410
[56,    15] Training loss: 0.00419
[56,    16] Training loss: 0.00416
[56,    17] Training loss: 0.00417
[56,    18] Training loss: 0.00426
[56,    19] Training loss: 0.00435
[56,    20] Training loss: 0.00438
[56,    21] Training loss: 0.00410
[56,    22] Training loss: 0.00416
[56,    23] Training loss: 0.00438
[56,    24] Training loss: 0.00427
[56,    25] Training loss: 0.00417
[56,    26] Training loss: 0.00421
[56,    27] Training loss: 0.00429
[56,    28] Training loss: 0.00420
[56,    29] Training loss: 0.00425
[56,    30] Training loss: 0.00447
[56,    31] Training loss: 0.00416
[56,    32] Training loss: 0.00457
[56] Validation loss: 0.00524
All wavs are synthesized!
All wavs are synthesized!
[57,     1] Training loss: 0.00421
[57,     2] Training loss: 0.00412
[57,     3] Training loss: 0.00402
[57,     4] Training loss: 0.00421
[57,     5] Training loss: 0.00420
[57,     6] Training loss: 0.00405
[57,     7] Training loss: 0.00406
[57,     8] Training loss: 0.00423
[57,     9] Training loss: 0.00409
[57,    10] Training loss: 0.00412
[57,    11] Training loss: 0.00411
[57,    12] Training loss: 0.00398
[57,    13] Training loss: 0.00406
[57,    14] Training loss: 0.00405
[57,    15] Training loss: 0.00413
[57,    16] Training loss: 0.00433
[57,    17] Training loss: 0.00421
[57,    18] Training loss: 0.00427
[57,    19] Training loss: 0.00414
[57,    20] Training loss: 0.00442
[57,    21] Training loss: 0.00427
[57,    22] Training loss: 0.00415
[57,    23] Training loss: 0.00401
[57,    24] Training loss: 0.00428
[57,    25] Training loss: 0.00431
[57,    26] Training loss: 0.00411
[57,    27] Training loss: 0.00432
[57,    28] Training loss: 0.00435
[57,    29] Training loss: 0.00437
[57,    30] Training loss: 0.00421
[57,    31] Training loss: 0.00436
[57,    32] Training loss: 0.00419
[57] Validation loss: 0.00527
All wavs are synthesized!
All wavs are synthesized!
[58,     1] Training loss: 0.00411
[58,     2] Training loss: 0.00410
[58,     3] Training loss: 0.00413
[58,     4] Training loss: 0.00413
[58,     5] Training loss: 0.00413
[58,     6] Training loss: 0.00416
[58,     7] Training loss: 0.00407
[58,     8] Training loss: 0.00411
[58,     9] Training loss: 0.00439
[58,    10] Training loss: 0.00418
[58,    11] Training loss: 0.00409
[58,    12] Training loss: 0.00408
[58,    13] Training loss: 0.00417
[58,    14] Training loss: 0.00426
[58,    15] Training loss: 0.00420
[58,    16] Training loss: 0.00426
[58,    17] Training loss: 0.00410
[58,    18] Training loss: 0.00407
[58,    19] Training loss: 0.00420
[58,    20] Training loss: 0.00442
[58,    21] Training loss: 0.00413
[58,    22] Training loss: 0.00404
[58,    23] Training loss: 0.00412
[58,    24] Training loss: 0.00414
[58,    25] Training loss: 0.00419
[58,    26] Training loss: 0.00433
[58,    27] Training loss: 0.00411
[58,    28] Training loss: 0.00422
[58,    29] Training loss: 0.00429
[58,    30] Training loss: 0.00428
[58,    31] Training loss: 0.00420
[58,    32] Training loss: 0.00438
[58] Validation loss: 0.00527
All wavs are synthesized!
All wavs are synthesized!
[59,     1] Training loss: 0.00414
[59,     2] Training loss: 0.00404
[59,     3] Training loss: 0.00389
[59,     4] Training loss: 0.00420
[59,     5] Training loss: 0.00408
[59,     6] Training loss: 0.00423
[59,     7] Training loss: 0.00414
[59,     8] Training loss: 0.00413
[59,     9] Training loss: 0.00415
[59,    10] Training loss: 0.00420
[59,    11] Training loss: 0.00411
[59,    12] Training loss: 0.00419
[59,    13] Training loss: 0.00415
[59,    14] Training loss: 0.00408
[59,    15] Training loss: 0.00408
[59,    16] Training loss: 0.00418
[59,    17] Training loss: 0.00412
[59,    18] Training loss: 0.00406
[59,    19] Training loss: 0.00426
[59,    20] Training loss: 0.00400
[59,    21] Training loss: 0.00422
[59,    22] Training loss: 0.00414
[59,    23] Training loss: 0.00408
[59,    24] Training loss: 0.00398
[59,    25] Training loss: 0.00418
[59,    26] Training loss: 0.00417
[59,    27] Training loss: 0.00428
[59,    28] Training loss: 0.00425
[59,    29] Training loss: 0.00392
[59,    30] Training loss: 0.00431
[59,    31] Training loss: 0.00427
[59,    32] Training loss: 0.00412
[59] Validation loss: 0.00528
All wavs are synthesized!
All wavs are synthesized!
[60,     1] Training loss: 0.00403
[60,     2] Training loss: 0.00409
[60,     3] Training loss: 0.00424
[60,     4] Training loss: 0.00415
[60,     5] Training loss: 0.00411
[60,     6] Training loss: 0.00409
[60,     7] Training loss: 0.00424
[60,     8] Training loss: 0.00402
[60,     9] Training loss: 0.00412
[60,    10] Training loss: 0.00402
[60,    11] Training loss: 0.00396
[60,    12] Training loss: 0.00403
[60,    13] Training loss: 0.00409
[60,    14] Training loss: 0.00396
[60,    15] Training loss: 0.00421
[60,    16] Training loss: 0.00388
[60,    17] Training loss: 0.00413
[60,    18] Training loss: 0.00411
[60,    19] Training loss: 0.00411
[60,    20] Training loss: 0.00409
[60,    21] Training loss: 0.00408
[60,    22] Training loss: 0.00403
[60,    23] Training loss: 0.00419
[60,    24] Training loss: 0.00421
[60,    25] Training loss: 0.00434
[60,    26] Training loss: 0.00401
[60,    27] Training loss: 0.00408
[60,    28] Training loss: 0.00409
[60,    29] Training loss: 0.00414
[60,    30] Training loss: 0.00428
[60,    31] Training loss: 0.00395
[60,    32] Training loss: 0.00410
[60] Validation loss: 0.00531
All wavs are synthesized!
All wavs are synthesized!
