Train on cuda:0
[1,     1] Training loss: 0.06670
[1,     2] Training loss: 0.05249
[1,     3] Training loss: 0.04797
[1,     4] Training loss: 0.04154
[1,     5] Training loss: 0.03519
[1,     6] Training loss: 0.03039
[1,     7] Training loss: 0.02366
[1,     8] Training loss: 0.02284
[1,     9] Training loss: 0.02183
[1,    10] Training loss: 0.02083
[1,    11] Training loss: 0.02029
[1,    12] Training loss: 0.01914
[1,    13] Training loss: 0.01795
[1,    14] Training loss: 0.01788
[1,    15] Training loss: 0.01746
[1,    16] Training loss: 0.01731
[1,    17] Training loss: 0.01612
[1,    18] Training loss: 0.01616
[1,    19] Training loss: 0.01587
[1,    20] Training loss: 0.01550
[1,    21] Training loss: 0.01541
[1,    22] Training loss: 0.01498
[1,    23] Training loss: 0.01501
[1,    24] Training loss: 0.01462
[1,    25] Training loss: 0.01454
[1,    26] Training loss: 0.01398
[1,    27] Training loss: 0.01401
[1,    28] Training loss: 0.01368
[1,    29] Training loss: 0.01352
[1,    30] Training loss: 0.01321
[1,    31] Training loss: 0.01305
[1,    32] Training loss: 0.01257
[1] Validation loss: 0.01259
All wavs are synthesized!
All wavs are synthesized!
[2,     1] Training loss: 0.01266
[2,     2] Training loss: 0.01265
[2,     3] Training loss: 0.01204
[2,     4] Training loss: 0.01195
[2,     5] Training loss: 0.01216
[2,     6] Training loss: 0.01160
[2,     7] Training loss: 0.01163
[2,     8] Training loss: 0.01186
[2,     9] Training loss: 0.01165
[2,    10] Training loss: 0.01164
[2,    11] Training loss: 0.01128
[2,    12] Training loss: 0.01195
[2,    13] Training loss: 0.01091
[2,    14] Training loss: 0.01093
[2,    15] Training loss: 0.01085
[2,    16] Training loss: 0.01095
[2,    17] Training loss: 0.01086
[2,    18] Training loss: 0.01062
[2,    19] Training loss: 0.01065
[2,    20] Training loss: 0.01069
[2,    21] Training loss: 0.01039
[2,    22] Training loss: 0.01036
[2,    23] Training loss: 0.01008
[2,    24] Training loss: 0.01031
[2,    25] Training loss: 0.01024
[2,    26] Training loss: 0.01014
[2,    27] Training loss: 0.00999
[2,    28] Training loss: 0.00979
[2,    29] Training loss: 0.00995
[2,    30] Training loss: 0.00979
[2,    31] Training loss: 0.00998
[2,    32] Training loss: 0.00934
[2] Validation loss: 0.00968
All wavs are synthesized!
All wavs are synthesized!
[3,     1] Training loss: 0.00971
[3,     2] Training loss: 0.00989
[3,     3] Training loss: 0.00960
[3,     4] Training loss: 0.00962
[3,     5] Training loss: 0.00930
[3,     6] Training loss: 0.00924
[3,     7] Training loss: 0.00931
[3,     8] Training loss: 0.00956
[3,     9] Training loss: 0.00967
[3,    10] Training loss: 0.00942
[3,    11] Training loss: 0.00941
[3,    12] Training loss: 0.00915
[3,    13] Training loss: 0.00922
[3,    14] Training loss: 0.00902
[3,    15] Training loss: 0.00933
[3,    16] Training loss: 0.00878
[3,    17] Training loss: 0.00935
[3,    18] Training loss: 0.00943
[3,    19] Training loss: 0.00890
[3,    20] Training loss: 0.00916
[3,    21] Training loss: 0.00881
[3,    22] Training loss: 0.00931
[3,    23] Training loss: 0.00894
[3,    24] Training loss: 0.00909
[3,    25] Training loss: 0.00877
[3,    26] Training loss: 0.00882
[3,    27] Training loss: 0.00912
[3,    28] Training loss: 0.00832
[3,    29] Training loss: 0.00879
[3,    30] Training loss: 0.00899
[3,    31] Training loss: 0.00864
[3,    32] Training loss: 0.00943
[3] Validation loss: 0.00861
All wavs are synthesized!
All wavs are synthesized!
[4,     1] Training loss: 0.00851
[4,     2] Training loss: 0.00944
[4,     3] Training loss: 0.00850
[4,     4] Training loss: 0.00834
[4,     5] Training loss: 0.00854
[4,     6] Training loss: 0.00842
[4,     7] Training loss: 0.00880
[4,     8] Training loss: 0.00831
[4,     9] Training loss: 0.00849
[4,    10] Training loss: 0.00864
[4,    11] Training loss: 0.00869
[4,    12] Training loss: 0.00849
[4,    13] Training loss: 0.00852
[4,    14] Training loss: 0.00858
[4,    15] Training loss: 0.00850
[4,    16] Training loss: 0.00848
[4,    17] Training loss: 0.00848
[4,    18] Training loss: 0.00832
[4,    19] Training loss: 0.00831
[4,    20] Training loss: 0.00837
[4,    21] Training loss: 0.00815
[4,    22] Training loss: 0.00813
[4,    23] Training loss: 0.00823
[4,    24] Training loss: 0.00856
[4,    25] Training loss: 0.00817
[4,    26] Training loss: 0.00824
[4,    27] Training loss: 0.00844
[4,    28] Training loss: 0.00792
[4,    29] Training loss: 0.00834
[4,    30] Training loss: 0.00811
[4,    31] Training loss: 0.00807
[4,    32] Training loss: 0.00816
[4] Validation loss: 0.00811
All wavs are synthesized!
All wavs are synthesized!
[5,     1] Training loss: 0.00817
[5,     2] Training loss: 0.00802
[5,     3] Training loss: 0.00802
[5,     4] Training loss: 0.00773
[5,     5] Training loss: 0.00793
[5,     6] Training loss: 0.00826
[5,     7] Training loss: 0.00799
[5,     8] Training loss: 0.00828
[5,     9] Training loss: 0.00778
[5,    10] Training loss: 0.00802
[5,    11] Training loss: 0.00785
[5,    12] Training loss: 0.00810
[5,    13] Training loss: 0.00792
[5,    14] Training loss: 0.00773
[5,    15] Training loss: 0.00784
[5,    16] Training loss: 0.00792
[5,    17] Training loss: 0.00794
[5,    18] Training loss: 0.00800
[5,    19] Training loss: 0.00776
[5,    20] Training loss: 0.00787
[5,    21] Training loss: 0.00800
[5,    22] Training loss: 0.00793
[5,    23] Training loss: 0.00792
[5,    24] Training loss: 0.00765
[5,    25] Training loss: 0.00777
[5,    26] Training loss: 0.00773
[5,    27] Training loss: 0.00817
[5,    28] Training loss: 0.00774
[5,    29] Training loss: 0.00778
[5,    30] Training loss: 0.00748
[5,    31] Training loss: 0.00761
[5,    32] Training loss: 0.00754
[5] Validation loss: 0.00767
All wavs are synthesized!
All wavs are synthesized!
[6,     1] Training loss: 0.00782
[6,     2] Training loss: 0.00751
[6,     3] Training loss: 0.00763
[6,     4] Training loss: 0.00753
[6,     5] Training loss: 0.00770
[6,     6] Training loss: 0.00744
[6,     7] Training loss: 0.00768
[6,     8] Training loss: 0.00774
[6,     9] Training loss: 0.00784
[6,    10] Training loss: 0.00746
[6,    11] Training loss: 0.00723
[6,    12] Training loss: 0.00755
[6,    13] Training loss: 0.00738
[6,    14] Training loss: 0.00734
[6,    15] Training loss: 0.00767
[6,    16] Training loss: 0.00767
[6,    17] Training loss: 0.00762
[6,    18] Training loss: 0.00751
[6,    19] Training loss: 0.00785
[6,    20] Training loss: 0.00773
[6,    21] Training loss: 0.00759
[6,    22] Training loss: 0.00725
[6,    23] Training loss: 0.00772
[6,    24] Training loss: 0.00743
[6,    25] Training loss: 0.00736
[6,    26] Training loss: 0.00731
[6,    27] Training loss: 0.00726
[6,    28] Training loss: 0.00730
[6,    29] Training loss: 0.00736
[6,    30] Training loss: 0.00763
[6,    31] Training loss: 0.00741
[6,    32] Training loss: 0.00757
[6] Validation loss: 0.00741
All wavs are synthesized!
All wavs are synthesized!
[7,     1] Training loss: 0.00721
[7,     2] Training loss: 0.00750
[7,     3] Training loss: 0.00736
[7,     4] Training loss: 0.00741
[7,     5] Training loss: 0.00724
[7,     6] Training loss: 0.00737
[7,     7] Training loss: 0.00761
[7,     8] Training loss: 0.00768
[7,     9] Training loss: 0.00746
[7,    10] Training loss: 0.00753
[7,    11] Training loss: 0.00699
[7,    12] Training loss: 0.00766
[7,    13] Training loss: 0.00722
[7,    14] Training loss: 0.00730
[7,    15] Training loss: 0.00720
[7,    16] Training loss: 0.00743
[7,    17] Training loss: 0.00712
[7,    18] Training loss: 0.00721
[7,    19] Training loss: 0.00748
[7,    20] Training loss: 0.00739
[7,    21] Training loss: 0.00745
[7,    22] Training loss: 0.00757
[7,    23] Training loss: 0.00713
[7,    24] Training loss: 0.00744
[7,    25] Training loss: 0.00725
[7,    26] Training loss: 0.00719
[7,    27] Training loss: 0.00714
[7,    28] Training loss: 0.00698
[7,    29] Training loss: 0.00727
[7,    30] Training loss: 0.00706
[7,    31] Training loss: 0.00730
[7,    32] Training loss: 0.00691
[7] Validation loss: 0.00702
All wavs are synthesized!
All wavs are synthesized!
[8,     1] Training loss: 0.00710
[8,     2] Training loss: 0.00708
[8,     3] Training loss: 0.00688
[8,     4] Training loss: 0.00701
[8,     5] Training loss: 0.00687
[8,     6] Training loss: 0.00704
[8,     7] Training loss: 0.00695
[8,     8] Training loss: 0.00705
[8,     9] Training loss: 0.00686
[8,    10] Training loss: 0.00699
[8,    11] Training loss: 0.00687
[8,    12] Training loss: 0.00679
[8,    13] Training loss: 0.00694
[8,    14] Training loss: 0.00688
[8,    15] Training loss: 0.00684
[8,    16] Training loss: 0.00701
[8,    17] Training loss: 0.00706
[8,    18] Training loss: 0.00704
[8,    19] Training loss: 0.00698
[8,    20] Training loss: 0.00705
[8,    21] Training loss: 0.00709
[8,    22] Training loss: 0.00690
[8,    23] Training loss: 0.00718
[8,    24] Training loss: 0.00684
[8,    25] Training loss: 0.00705
[8,    26] Training loss: 0.00685
[8,    27] Training loss: 0.00690
[8,    28] Training loss: 0.00661
[8,    29] Training loss: 0.00726
[8,    30] Training loss: 0.00694
[8,    31] Training loss: 0.00685
[8,    32] Training loss: 0.00675
[8] Validation loss: 0.00687
All wavs are synthesized!
All wavs are synthesized!
[9,     1] Training loss: 0.00682
[9,     2] Training loss: 0.00682
[9,     3] Training loss: 0.00698
[9,     4] Training loss: 0.00687
[9,     5] Training loss: 0.00660
[9,     6] Training loss: 0.00702
[9,     7] Training loss: 0.00698
[9,     8] Training loss: 0.00689
[9,     9] Training loss: 0.00704
[9,    10] Training loss: 0.00703
[9,    11] Training loss: 0.00695
[9,    12] Training loss: 0.00655
[9,    13] Training loss: 0.00700
[9,    14] Training loss: 0.00677
[9,    15] Training loss: 0.00684
[9,    16] Training loss: 0.00686
[9,    17] Training loss: 0.00678
[9,    18] Training loss: 0.00666
[9,    19] Training loss: 0.00659
[9,    20] Training loss: 0.00669
[9,    21] Training loss: 0.00664
[9,    22] Training loss: 0.00655
[9,    23] Training loss: 0.00683
[9,    24] Training loss: 0.00677
[9,    25] Training loss: 0.00689
[9,    26] Training loss: 0.00704
[9,    27] Training loss: 0.00659
[9,    28] Training loss: 0.00668
[9,    29] Training loss: 0.00667
[9,    30] Training loss: 0.00671
[9,    31] Training loss: 0.00678
[9,    32] Training loss: 0.00683
[9] Validation loss: 0.00667
All wavs are synthesized!
All wavs are synthesized!
[10,     1] Training loss: 0.00662
[10,     2] Training loss: 0.00654
[10,     3] Training loss: 0.00661
[10,     4] Training loss: 0.00655
[10,     5] Training loss: 0.00648
[10,     6] Training loss: 0.00663
[10,     7] Training loss: 0.00646
[10,     8] Training loss: 0.00666
[10,     9] Training loss: 0.00664
[10,    10] Training loss: 0.00666
[10,    11] Training loss: 0.00650
[10,    12] Training loss: 0.00661
[10,    13] Training loss: 0.00653
[10,    14] Training loss: 0.00679
[10,    15] Training loss: 0.00673
[10,    16] Training loss: 0.00672
[10,    17] Training loss: 0.00635
[10,    18] Training loss: 0.00671
[10,    19] Training loss: 0.00688
[10,    20] Training loss: 0.00647
[10,    21] Training loss: 0.00664
[10,    22] Training loss: 0.00673
[10,    23] Training loss: 0.00673
[10,    24] Training loss: 0.00638
[10,    25] Training loss: 0.00640
[10,    26] Training loss: 0.00648
[10,    27] Training loss: 0.00669
[10,    28] Training loss: 0.00643
[10,    29] Training loss: 0.00634
[10,    30] Training loss: 0.00661
[10,    31] Training loss: 0.00671
[10,    32] Training loss: 0.00648
[10] Validation loss: 0.00638
All wavs are synthesized!
All wavs are synthesized!
[11,     1] Training loss: 0.00640
[11,     2] Training loss: 0.00654
[11,     3] Training loss: 0.00645
[11,     4] Training loss: 0.00634
[11,     5] Training loss: 0.00651
[11,     6] Training loss: 0.00652
[11,     7] Training loss: 0.00640
[11,     8] Training loss: 0.00662
[11,     9] Training loss: 0.00689
[11,    10] Training loss: 0.00635
[11,    11] Training loss: 0.00648
[11,    12] Training loss: 0.00627
[11,    13] Training loss: 0.00679
[11,    14] Training loss: 0.00664
[11,    15] Training loss: 0.00656
[11,    16] Training loss: 0.00660
[11,    17] Training loss: 0.00636
[11,    18] Training loss: 0.00610
[11,    19] Training loss: 0.00623
[11,    20] Training loss: 0.00645
[11,    21] Training loss: 0.00631
[11,    22] Training loss: 0.00681
[11,    23] Training loss: 0.00644
[11,    24] Training loss: 0.00657
[11,    25] Training loss: 0.00634
[11,    26] Training loss: 0.00657
[11,    27] Training loss: 0.00647
[11,    28] Training loss: 0.00599
[11,    29] Training loss: 0.00625
[11,    30] Training loss: 0.00639
[11,    31] Training loss: 0.00630
[11,    32] Training loss: 0.00646
[11] Validation loss: 0.00622
All wavs are synthesized!
All wavs are synthesized!
[12,     1] Training loss: 0.00615
[12,     2] Training loss: 0.00637
[12,     3] Training loss: 0.00593
[12,     4] Training loss: 0.00624
[12,     5] Training loss: 0.00620
[12,     6] Training loss: 0.00609
[12,     7] Training loss: 0.00632
[12,     8] Training loss: 0.00602
[12,     9] Training loss: 0.00640
[12,    10] Training loss: 0.00628
[12,    11] Training loss: 0.00611
[12,    12] Training loss: 0.00618
[12,    13] Training loss: 0.00639
[12,    14] Training loss: 0.00613
[12,    15] Training loss: 0.00624
[12,    16] Training loss: 0.00622
[12,    17] Training loss: 0.00598
[12,    18] Training loss: 0.00633
[12,    19] Training loss: 0.00616
[12,    20] Training loss: 0.00654
[12,    21] Training loss: 0.00636
[12,    22] Training loss: 0.00621
[12,    23] Training loss: 0.00612
[12,    24] Training loss: 0.00631
[12,    25] Training loss: 0.00609
[12,    26] Training loss: 0.00599
[12,    27] Training loss: 0.00654
[12,    28] Training loss: 0.00618
[12,    29] Training loss: 0.00615
[12,    30] Training loss: 0.00606
[12,    31] Training loss: 0.00612
[12,    32] Training loss: 0.00624
[12] Validation loss: 0.00630
All wavs are synthesized!
All wavs are synthesized!
[13,     1] Training loss: 0.00615
[13,     2] Training loss: 0.00629
[13,     3] Training loss: 0.00602
[13,     4] Training loss: 0.00608
[13,     5] Training loss: 0.00628
[13,     6] Training loss: 0.00592
[13,     7] Training loss: 0.00614
[13,     8] Training loss: 0.00603
[13,     9] Training loss: 0.00631
[13,    10] Training loss: 0.00608
[13,    11] Training loss: 0.00609
[13,    12] Training loss: 0.00615
[13,    13] Training loss: 0.00586
[13,    14] Training loss: 0.00590
[13,    15] Training loss: 0.00600
[13,    16] Training loss: 0.00612
[13,    17] Training loss: 0.00621
[13,    18] Training loss: 0.00609
[13,    19] Training loss: 0.00633
[13,    20] Training loss: 0.00633
[13,    21] Training loss: 0.00600
[13,    22] Training loss: 0.00633
[13,    23] Training loss: 0.00606
[13,    24] Training loss: 0.00644
[13,    25] Training loss: 0.00611
[13,    26] Training loss: 0.00611
[13,    27] Training loss: 0.00622
[13,    28] Training loss: 0.00640
[13,    29] Training loss: 0.00616
[13,    30] Training loss: 0.00636
[13,    31] Training loss: 0.00614
[13,    32] Training loss: 0.00614
[13] Validation loss: 0.00624
All wavs are synthesized!
All wavs are synthesized!
[14,     1] Training loss: 0.00597
[14,     2] Training loss: 0.00609
[14,     3] Training loss: 0.00593
[14,     4] Training loss: 0.00615
[14,     5] Training loss: 0.00631
[14,     6] Training loss: 0.00618
[14,     7] Training loss: 0.00627
[14,     8] Training loss: 0.00624
[14,     9] Training loss: 0.00590
[14,    10] Training loss: 0.00610
[14,    11] Training loss: 0.00614
[14,    12] Training loss: 0.00588
[14,    13] Training loss: 0.00590
[14,    14] Training loss: 0.00580
[14,    15] Training loss: 0.00598
[14,    16] Training loss: 0.00614
[14,    17] Training loss: 0.00590
[14,    18] Training loss: 0.00597
[14,    19] Training loss: 0.00582
[14,    20] Training loss: 0.00611
[14,    21] Training loss: 0.00594
[14,    22] Training loss: 0.00616
[14,    23] Training loss: 0.00608
[14,    24] Training loss: 0.00594
[14,    25] Training loss: 0.00611
[14,    26] Training loss: 0.00602
[14,    27] Training loss: 0.00593
[14,    28] Training loss: 0.00616
[14,    29] Training loss: 0.00602
[14,    30] Training loss: 0.00589
[14,    31] Training loss: 0.00599
[14,    32] Training loss: 0.00637
[14] Validation loss: 0.00593
All wavs are synthesized!
All wavs are synthesized!
[15,     1] Training loss: 0.00567
[15,     2] Training loss: 0.00581
[15,     3] Training loss: 0.00594
[15,     4] Training loss: 0.00602
[15,     5] Training loss: 0.00582
[15,     6] Training loss: 0.00591
[15,     7] Training loss: 0.00597
[15,     8] Training loss: 0.00594
[15,     9] Training loss: 0.00582
[15,    10] Training loss: 0.00597
[15,    11] Training loss: 0.00599
[15,    12] Training loss: 0.00615
[15,    13] Training loss: 0.00597
[15,    14] Training loss: 0.00609
[15,    15] Training loss: 0.00635
[15,    16] Training loss: 0.00593
[15,    17] Training loss: 0.00606
[15,    18] Training loss: 0.00582
[15,    19] Training loss: 0.00595
[15,    20] Training loss: 0.00566
[15,    21] Training loss: 0.00593
[15,    22] Training loss: 0.00603
[15,    23] Training loss: 0.00608
[15,    24] Training loss: 0.00595
[15,    25] Training loss: 0.00608
[15,    26] Training loss: 0.00592
[15,    27] Training loss: 0.00582
[15,    28] Training loss: 0.00580
[15,    29] Training loss: 0.00618
[15,    30] Training loss: 0.00584
[15,    31] Training loss: 0.00600
[15,    32] Training loss: 0.00592
[15] Validation loss: 0.00603
All wavs are synthesized!
All wavs are synthesized!
[16,     1] Training loss: 0.00590
[16,     2] Training loss: 0.00593
[16,     3] Training loss: 0.00587
[16,     4] Training loss: 0.00586
[16,     5] Training loss: 0.00567
[16,     6] Training loss: 0.00575
[16,     7] Training loss: 0.00578
[16,     8] Training loss: 0.00588
[16,     9] Training loss: 0.00582
[16,    10] Training loss: 0.00598
[16,    11] Training loss: 0.00598
[16,    12] Training loss: 0.00580
[16,    13] Training loss: 0.00563
[16,    14] Training loss: 0.00562
[16,    15] Training loss: 0.00578
[16,    16] Training loss: 0.00577
[16,    17] Training loss: 0.00588
[16,    18] Training loss: 0.00579
[16,    19] Training loss: 0.00561
[16,    20] Training loss: 0.00597
[16,    21] Training loss: 0.00568
[16,    22] Training loss: 0.00560
[16,    23] Training loss: 0.00571
[16,    24] Training loss: 0.00565
[16,    25] Training loss: 0.00560
[16,    26] Training loss: 0.00595
[16,    27] Training loss: 0.00596
[16,    28] Training loss: 0.00585
[16,    29] Training loss: 0.00571
[16,    30] Training loss: 0.00576
[16,    31] Training loss: 0.00589
[16,    32] Training loss: 0.00615
[16] Validation loss: 0.00577
All wavs are synthesized!
All wavs are synthesized!
[17,     1] Training loss: 0.00555
[17,     2] Training loss: 0.00559
[17,     3] Training loss: 0.00595
[17,     4] Training loss: 0.00558
[17,     5] Training loss: 0.00576
[17,     6] Training loss: 0.00555
[17,     7] Training loss: 0.00575
[17,     8] Training loss: 0.00561
[17,     9] Training loss: 0.00595
[17,    10] Training loss: 0.00572
[17,    11] Training loss: 0.00602
[17,    12] Training loss: 0.00570
[17,    13] Training loss: 0.00560
[17,    14] Training loss: 0.00565
[17,    15] Training loss: 0.00558
[17,    16] Training loss: 0.00561
[17,    17] Training loss: 0.00553
[17,    18] Training loss: 0.00551
[17,    19] Training loss: 0.00574
[17,    20] Training loss: 0.00555
[17,    21] Training loss: 0.00569
[17,    22] Training loss: 0.00559
[17,    23] Training loss: 0.00548
[17,    24] Training loss: 0.00548
[17,    25] Training loss: 0.00575
[17,    26] Training loss: 0.00562
[17,    27] Training loss: 0.00565
[17,    28] Training loss: 0.00549
[17,    29] Training loss: 0.00584
[17,    30] Training loss: 0.00576
[17,    31] Training loss: 0.00562
[17,    32] Training loss: 0.00590
[17] Validation loss: 0.00579
All wavs are synthesized!
All wavs are synthesized!
[18,     1] Training loss: 0.00555
[18,     2] Training loss: 0.00568
[18,     3] Training loss: 0.00596
[18,     4] Training loss: 0.00557
[18,     5] Training loss: 0.00564
[18,     6] Training loss: 0.00553
[18,     7] Training loss: 0.00567
[18,     8] Training loss: 0.00531
[18,     9] Training loss: 0.00593
[18,    10] Training loss: 0.00541
[18,    11] Training loss: 0.00556
[18,    12] Training loss: 0.00579
[18,    13] Training loss: 0.00554
[18,    14] Training loss: 0.00552
[18,    15] Training loss: 0.00561
[18,    16] Training loss: 0.00591
[18,    17] Training loss: 0.00563
[18,    18] Training loss: 0.00547
[18,    19] Training loss: 0.00576
[18,    20] Training loss: 0.00556
[18,    21] Training loss: 0.00564
[18,    22] Training loss: 0.00534
[18,    23] Training loss: 0.00563
[18,    24] Training loss: 0.00566
[18,    25] Training loss: 0.00568
[18,    26] Training loss: 0.00566
[18,    27] Training loss: 0.00606
[18,    28] Training loss: 0.00585
[18,    29] Training loss: 0.00553
[18,    30] Training loss: 0.00551
[18,    31] Training loss: 0.00567
[18,    32] Training loss: 0.00552
[18] Validation loss: 0.00574
All wavs are synthesized!
All wavs are synthesized!
[19,     1] Training loss: 0.00571
[19,     2] Training loss: 0.00545
[19,     3] Training loss: 0.00563
[19,     4] Training loss: 0.00575
[19,     5] Training loss: 0.00565
[19,     6] Training loss: 0.00566
[19,     7] Training loss: 0.00573
[19,     8] Training loss: 0.00553
[19,     9] Training loss: 0.00548
[19,    10] Training loss: 0.00575
[19,    11] Training loss: 0.00578
[19,    12] Training loss: 0.00548
[19,    13] Training loss: 0.00551
[19,    14] Training loss: 0.00552
[19,    15] Training loss: 0.00574
[19,    16] Training loss: 0.00570
[19,    17] Training loss: 0.00552
[19,    18] Training loss: 0.00551
[19,    19] Training loss: 0.00576
[19,    20] Training loss: 0.00538
[19,    21] Training loss: 0.00568
[19,    22] Training loss: 0.00552
[19,    23] Training loss: 0.00569
[19,    24] Training loss: 0.00578
[19,    25] Training loss: 0.00548
[19,    26] Training loss: 0.00569
[19,    27] Training loss: 0.00536
[19,    28] Training loss: 0.00552
[19,    29] Training loss: 0.00552
[19,    30] Training loss: 0.00568
[19,    31] Training loss: 0.00549
[19,    32] Training loss: 0.00563
[19] Validation loss: 0.00566
All wavs are synthesized!
All wavs are synthesized!
[20,     1] Training loss: 0.00542
[20,     2] Training loss: 0.00580
[20,     3] Training loss: 0.00547
[20,     4] Training loss: 0.00543
[20,     5] Training loss: 0.00524
[20,     6] Training loss: 0.00546
[20,     7] Training loss: 0.00559
[20,     8] Training loss: 0.00529
[20,     9] Training loss: 0.00543
[20,    10] Training loss: 0.00556
[20,    11] Training loss: 0.00576
[20,    12] Training loss: 0.00569
[20,    13] Training loss: 0.00546
[20,    14] Training loss: 0.00555
[20,    15] Training loss: 0.00531
[20,    16] Training loss: 0.00557
[20,    17] Training loss: 0.00522
[20,    18] Training loss: 0.00543
[20,    19] Training loss: 0.00552
[20,    20] Training loss: 0.00563
[20,    21] Training loss: 0.00532
[20,    22] Training loss: 0.00537
[20,    23] Training loss: 0.00552
[20,    24] Training loss: 0.00569
[20,    25] Training loss: 0.00564
[20,    26] Training loss: 0.00542
[20,    27] Training loss: 0.00568
[20,    28] Training loss: 0.00561
[20,    29] Training loss: 0.00536
[20,    30] Training loss: 0.00557
[20,    31] Training loss: 0.00557
[20,    32] Training loss: 0.00552
[20] Validation loss: 0.00554
All wavs are synthesized!
All wavs are synthesized!
[21,     1] Training loss: 0.00570
[21,     2] Training loss: 0.00573
[21,     3] Training loss: 0.00537
[21,     4] Training loss: 0.00543
[21,     5] Training loss: 0.00552
[21,     6] Training loss: 0.00532
[21,     7] Training loss: 0.00550
[21,     8] Training loss: 0.00558
[21,     9] Training loss: 0.00570
[21,    10] Training loss: 0.00527
[21,    11] Training loss: 0.00547
[21,    12] Training loss: 0.00542
[21,    13] Training loss: 0.00518
[21,    14] Training loss: 0.00532
[21,    15] Training loss: 0.00542
[21,    16] Training loss: 0.00546
[21,    17] Training loss: 0.00521
[21,    18] Training loss: 0.00551
[21,    19] Training loss: 0.00538
[21,    20] Training loss: 0.00545
[21,    21] Training loss: 0.00561
[21,    22] Training loss: 0.00531
[21,    23] Training loss: 0.00567
[21,    24] Training loss: 0.00535
[21,    25] Training loss: 0.00537
[21,    26] Training loss: 0.00531
[21,    27] Training loss: 0.00525
[21,    28] Training loss: 0.00540
[21,    29] Training loss: 0.00558
[21,    30] Training loss: 0.00524
[21,    31] Training loss: 0.00526
[21,    32] Training loss: 0.00530
[21] Validation loss: 0.00557
All wavs are synthesized!
All wavs are synthesized!
[22,     1] Training loss: 0.00535
[22,     2] Training loss: 0.00551
[22,     3] Training loss: 0.00537
[22,     4] Training loss: 0.00529
[22,     5] Training loss: 0.00519
[22,     6] Training loss: 0.00532
[22,     7] Training loss: 0.00533
[22,     8] Training loss: 0.00555
[22,     9] Training loss: 0.00531
[22,    10] Training loss: 0.00560
[22,    11] Training loss: 0.00517
[22,    12] Training loss: 0.00520
[22,    13] Training loss: 0.00556
[22,    14] Training loss: 0.00523
[22,    15] Training loss: 0.00521
[22,    16] Training loss: 0.00532
[22,    17] Training loss: 0.00548
[22,    18] Training loss: 0.00530
[22,    19] Training loss: 0.00559
[22,    20] Training loss: 0.00541
[22,    21] Training loss: 0.00523
[22,    22] Training loss: 0.00546
[22,    23] Training loss: 0.00538
[22,    24] Training loss: 0.00512
[22,    25] Training loss: 0.00541
[22,    26] Training loss: 0.00550
[22,    27] Training loss: 0.00516
[22,    28] Training loss: 0.00541
[22,    29] Training loss: 0.00548
[22,    30] Training loss: 0.00520
[22,    31] Training loss: 0.00533
[22,    32] Training loss: 0.00534
[22] Validation loss: 0.00551
All wavs are synthesized!
All wavs are synthesized!
[23,     1] Training loss: 0.00505
[23,     2] Training loss: 0.00511
[23,     3] Training loss: 0.00530
[23,     4] Training loss: 0.00532
[23,     5] Training loss: 0.00553
[23,     6] Training loss: 0.00534
[23,     7] Training loss: 0.00502
[23,     8] Training loss: 0.00520
[23,     9] Training loss: 0.00523
[23,    10] Training loss: 0.00551
[23,    11] Training loss: 0.00541
[23,    12] Training loss: 0.00533
[23,    13] Training loss: 0.00547
[23,    14] Training loss: 0.00503
[23,    15] Training loss: 0.00536
[23,    16] Training loss: 0.00524
[23,    17] Training loss: 0.00510
[23,    18] Training loss: 0.00510
[23,    19] Training loss: 0.00518
[23,    20] Training loss: 0.00538
[23,    21] Training loss: 0.00538
[23,    22] Training loss: 0.00521
[23,    23] Training loss: 0.00544
[23,    24] Training loss: 0.00533
[23,    25] Training loss: 0.00519
[23,    26] Training loss: 0.00520
[23,    27] Training loss: 0.00530
[23,    28] Training loss: 0.00519
[23,    29] Training loss: 0.00548
[23,    30] Training loss: 0.00520
[23,    31] Training loss: 0.00556
[23,    32] Training loss: 0.00518
[23] Validation loss: 0.00545
All wavs are synthesized!
All wavs are synthesized!
[24,     1] Training loss: 0.00510
[24,     2] Training loss: 0.00528
[24,     3] Training loss: 0.00510
[24,     4] Training loss: 0.00515
[24,     5] Training loss: 0.00533
[24,     6] Training loss: 0.00544
[24,     7] Training loss: 0.00537
[24,     8] Training loss: 0.00539
[24,     9] Training loss: 0.00506
[24,    10] Training loss: 0.00525
[24,    11] Training loss: 0.00541
[24,    12] Training loss: 0.00521
[24,    13] Training loss: 0.00503
[24,    14] Training loss: 0.00533
[24,    15] Training loss: 0.00532
[24,    16] Training loss: 0.00535
[24,    17] Training loss: 0.00516
[24,    18] Training loss: 0.00512
[24,    19] Training loss: 0.00547
[24,    20] Training loss: 0.00536
[24,    21] Training loss: 0.00522
[24,    22] Training loss: 0.00522
[24,    23] Training loss: 0.00516
[24,    24] Training loss: 0.00546
[24,    25] Training loss: 0.00535
[24,    26] Training loss: 0.00544
[24,    27] Training loss: 0.00521
[24,    28] Training loss: 0.00496
[24,    29] Training loss: 0.00528
[24,    30] Training loss: 0.00527
[24,    31] Training loss: 0.00536
[24,    32] Training loss: 0.00532
[24] Validation loss: 0.00542
All wavs are synthesized!
All wavs are synthesized!
[25,     1] Training loss: 0.00525
[25,     2] Training loss: 0.00507
[25,     3] Training loss: 0.00513
[25,     4] Training loss: 0.00514
[25,     5] Training loss: 0.00507
[25,     6] Training loss: 0.00520
[25,     7] Training loss: 0.00568
[25,     8] Training loss: 0.00507
[25,     9] Training loss: 0.00529
[25,    10] Training loss: 0.00531
[25,    11] Training loss: 0.00513
[25,    12] Training loss: 0.00520
[25,    13] Training loss: 0.00512
[25,    14] Training loss: 0.00524
[25,    15] Training loss: 0.00514
[25,    16] Training loss: 0.00531
[25,    17] Training loss: 0.00512
[25,    18] Training loss: 0.00533
[25,    19] Training loss: 0.00516
[25,    20] Training loss: 0.00521
[25,    21] Training loss: 0.00529
[25,    22] Training loss: 0.00520
[25,    23] Training loss: 0.00519
[25,    24] Training loss: 0.00545
[25,    25] Training loss: 0.00528
[25,    26] Training loss: 0.00532
[25,    27] Training loss: 0.00521
[25,    28] Training loss: 0.00515
[25,    29] Training loss: 0.00496
[25,    30] Training loss: 0.00542
[25,    31] Training loss: 0.00517
[25,    32] Training loss: 0.00514
[25] Validation loss: 0.00540
All wavs are synthesized!
All wavs are synthesized!
[26,     1] Training loss: 0.00507
[26,     2] Training loss: 0.00509
[26,     3] Training loss: 0.00511
[26,     4] Training loss: 0.00523
[26,     5] Training loss: 0.00519
[26,     6] Training loss: 0.00504
[26,     7] Training loss: 0.00511
[26,     8] Training loss: 0.00537
[26,     9] Training loss: 0.00522
[26,    10] Training loss: 0.00487
[26,    11] Training loss: 0.00516
[26,    12] Training loss: 0.00499
[26,    13] Training loss: 0.00492
[26,    14] Training loss: 0.00497
[26,    15] Training loss: 0.00538
[26,    16] Training loss: 0.00537
[26,    17] Training loss: 0.00514
[26,    18] Training loss: 0.00522
[26,    19] Training loss: 0.00527
[26,    20] Training loss: 0.00518
[26,    21] Training loss: 0.00493
[26,    22] Training loss: 0.00524
[26,    23] Training loss: 0.00525
[26,    24] Training loss: 0.00542
[26,    25] Training loss: 0.00530
[26,    26] Training loss: 0.00525
[26,    27] Training loss: 0.00526
[26,    28] Training loss: 0.00532
[26,    29] Training loss: 0.00531
[26,    30] Training loss: 0.00546
[26,    31] Training loss: 0.00537
[26,    32] Training loss: 0.00492
[26] Validation loss: 0.00554
All wavs are synthesized!
All wavs are synthesized!
[27,     1] Training loss: 0.00543
[27,     2] Training loss: 0.00511
[27,     3] Training loss: 0.00520
[27,     4] Training loss: 0.00511
[27,     5] Training loss: 0.00506
[27,     6] Training loss: 0.00500
[27,     7] Training loss: 0.00516
[27,     8] Training loss: 0.00509
[27,     9] Training loss: 0.00519
[27,    10] Training loss: 0.00512
[27,    11] Training loss: 0.00509
[27,    12] Training loss: 0.00513
[27,    13] Training loss: 0.00517
[27,    14] Training loss: 0.00507
[27,    15] Training loss: 0.00515
[27,    16] Training loss: 0.00512
[27,    17] Training loss: 0.00505
[27,    18] Training loss: 0.00526
[27,    19] Training loss: 0.00530
[27,    20] Training loss: 0.00524
[27,    21] Training loss: 0.00524
[27,    22] Training loss: 0.00500
[27,    23] Training loss: 0.00526
[27,    24] Training loss: 0.00520
[27,    25] Training loss: 0.00524
[27,    26] Training loss: 0.00516
[27,    27] Training loss: 0.00527
[27,    28] Training loss: 0.00521
[27,    29] Training loss: 0.00498
[27,    30] Training loss: 0.00518
[27,    31] Training loss: 0.00542
[27,    32] Training loss: 0.00530
[27] Validation loss: 0.00543
All wavs are synthesized!
All wavs are synthesized!
[28,     1] Training loss: 0.00520
[28,     2] Training loss: 0.00506
[28,     3] Training loss: 0.00517
[28,     4] Training loss: 0.00526
[28,     5] Training loss: 0.00521
[28,     6] Training loss: 0.00516
[28,     7] Training loss: 0.00508
[28,     8] Training loss: 0.00500
[28,     9] Training loss: 0.00512
[28,    10] Training loss: 0.00508
[28,    11] Training loss: 0.00501
[28,    12] Training loss: 0.00499
[28,    13] Training loss: 0.00499
[28,    14] Training loss: 0.00519
[28,    15] Training loss: 0.00507
[28,    16] Training loss: 0.00522
[28,    17] Training loss: 0.00505
[28,    18] Training loss: 0.00510
[28,    19] Training loss: 0.00501
[28,    20] Training loss: 0.00504
[28,    21] Training loss: 0.00522
[28,    22] Training loss: 0.00507
[28,    23] Training loss: 0.00513
[28,    24] Training loss: 0.00514
[28,    25] Training loss: 0.00507
[28,    26] Training loss: 0.00524
[28,    27] Training loss: 0.00503
[28,    28] Training loss: 0.00508
[28,    29] Training loss: 0.00494
[28,    30] Training loss: 0.00529
[28,    31] Training loss: 0.00500
[28,    32] Training loss: 0.00511
[28] Validation loss: 0.00534
All wavs are synthesized!
All wavs are synthesized!
[29,     1] Training loss: 0.00487
[29,     2] Training loss: 0.00492
[29,     3] Training loss: 0.00517
[29,     4] Training loss: 0.00494
[29,     5] Training loss: 0.00495
[29,     6] Training loss: 0.00481
[29,     7] Training loss: 0.00494
[29,     8] Training loss: 0.00483
[29,     9] Training loss: 0.00500
[29,    10] Training loss: 0.00519
[29,    11] Training loss: 0.00482
[29,    12] Training loss: 0.00498
[29,    13] Training loss: 0.00488
[29,    14] Training loss: 0.00524
[29,    15] Training loss: 0.00496
[29,    16] Training loss: 0.00504
[29,    17] Training loss: 0.00510
[29,    18] Training loss: 0.00491
[29,    19] Training loss: 0.00485
[29,    20] Training loss: 0.00494
[29,    21] Training loss: 0.00523
[29,    22] Training loss: 0.00508
[29,    23] Training loss: 0.00509
[29,    24] Training loss: 0.00520
[29,    25] Training loss: 0.00504
[29,    26] Training loss: 0.00523
[29,    27] Training loss: 0.00489
[29,    28] Training loss: 0.00501
[29,    29] Training loss: 0.00497
[29,    30] Training loss: 0.00491
[29,    31] Training loss: 0.00506
[29,    32] Training loss: 0.00489
[29] Validation loss: 0.00528
All wavs are synthesized!
All wavs are synthesized!
[30,     1] Training loss: 0.00490
[30,     2] Training loss: 0.00492
[30,     3] Training loss: 0.00505
[30,     4] Training loss: 0.00494
[30,     5] Training loss: 0.00482
[30,     6] Training loss: 0.00496
[30,     7] Training loss: 0.00482
[30,     8] Training loss: 0.00476
[30,     9] Training loss: 0.00489
[30,    10] Training loss: 0.00492
[30,    11] Training loss: 0.00494
[30,    12] Training loss: 0.00511
[30,    13] Training loss: 0.00494
[30,    14] Training loss: 0.00514
[30,    15] Training loss: 0.00509
[30,    16] Training loss: 0.00505
[30,    17] Training loss: 0.00504
[30,    18] Training loss: 0.00507
[30,    19] Training loss: 0.00492
[30,    20] Training loss: 0.00505
[30,    21] Training loss: 0.00484
[30,    22] Training loss: 0.00523
[30,    23] Training loss: 0.00514
[30,    24] Training loss: 0.00539
[30,    25] Training loss: 0.00480
[30,    26] Training loss: 0.00502
[30,    27] Training loss: 0.00522
[30,    28] Training loss: 0.00517
[30,    29] Training loss: 0.00492
[30,    30] Training loss: 0.00509
[30,    31] Training loss: 0.00507
[30,    32] Training loss: 0.00514
[30] Validation loss: 0.00526
All wavs are synthesized!
All wavs are synthesized!
[31,     1] Training loss: 0.00483
[31,     2] Training loss: 0.00485
[31,     3] Training loss: 0.00512
[31,     4] Training loss: 0.00500
[31,     5] Training loss: 0.00484
[31,     6] Training loss: 0.00521
[31,     7] Training loss: 0.00497
[31,     8] Training loss: 0.00477
[31,     9] Training loss: 0.00498
[31,    10] Training loss: 0.00477
[31,    11] Training loss: 0.00523
[31,    12] Training loss: 0.00495
[31,    13] Training loss: 0.00498
[31,    14] Training loss: 0.00494
[31,    15] Training loss: 0.00505
[31,    16] Training loss: 0.00482
[31,    17] Training loss: 0.00496
[31,    18] Training loss: 0.00487
[31,    19] Training loss: 0.00513
[31,    20] Training loss: 0.00482
[31,    21] Training loss: 0.00500
[31,    22] Training loss: 0.00501
[31,    23] Training loss: 0.00491
[31,    24] Training loss: 0.00475
[31,    25] Training loss: 0.00487
[31,    26] Training loss: 0.00508
[31,    27] Training loss: 0.00501
[31,    28] Training loss: 0.00498
[31,    29] Training loss: 0.00489
[31,    30] Training loss: 0.00513
[31,    31] Training loss: 0.00494
[31,    32] Training loss: 0.00503
[31] Validation loss: 0.00523
All wavs are synthesized!
All wavs are synthesized!
[32,     1] Training loss: 0.00488
[32,     2] Training loss: 0.00478
[32,     3] Training loss: 0.00486
[32,     4] Training loss: 0.00478
[32,     5] Training loss: 0.00474
[32,     6] Training loss: 0.00482
[32,     7] Training loss: 0.00487
[32,     8] Training loss: 0.00473
[32,     9] Training loss: 0.00486
[32,    10] Training loss: 0.00488
[32,    11] Training loss: 0.00485
[32,    12] Training loss: 0.00485
[32,    13] Training loss: 0.00480
[32,    14] Training loss: 0.00469
[32,    15] Training loss: 0.00472
[32,    16] Training loss: 0.00497
[32,    17] Training loss: 0.00501
[32,    18] Training loss: 0.00486
[32,    19] Training loss: 0.00465
[32,    20] Training loss: 0.00492
[32,    21] Training loss: 0.00496
[32,    22] Training loss: 0.00496
[32,    23] Training loss: 0.00506
[32,    24] Training loss: 0.00489
[32,    25] Training loss: 0.00494
[32,    26] Training loss: 0.00512
[32,    27] Training loss: 0.00513
[32,    28] Training loss: 0.00481
[32,    29] Training loss: 0.00508
[32,    30] Training loss: 0.00508
[32,    31] Training loss: 0.00506
[32,    32] Training loss: 0.00500
[32] Validation loss: 0.00532
All wavs are synthesized!
All wavs are synthesized!
[33,     1] Training loss: 0.00483
[33,     2] Training loss: 0.00479
[33,     3] Training loss: 0.00493
[33,     4] Training loss: 0.00504
[33,     5] Training loss: 0.00490
[33,     6] Training loss: 0.00493
[33,     7] Training loss: 0.00479
[33,     8] Training loss: 0.00505
[33,     9] Training loss: 0.00465
[33,    10] Training loss: 0.00506
[33,    11] Training loss: 0.00496
[33,    12] Training loss: 0.00481
[33,    13] Training loss: 0.00470
[33,    14] Training loss: 0.00493
[33,    15] Training loss: 0.00503
[33,    16] Training loss: 0.00470
[33,    17] Training loss: 0.00500
[33,    18] Training loss: 0.00489
[33,    19] Training loss: 0.00493
[33,    20] Training loss: 0.00476
[33,    21] Training loss: 0.00484
[33,    22] Training loss: 0.00496
[33,    23] Training loss: 0.00481
[33,    24] Training loss: 0.00474
[33,    25] Training loss: 0.00500
[33,    26] Training loss: 0.00513
[33,    27] Training loss: 0.00516
[33,    28] Training loss: 0.00482
[33,    29] Training loss: 0.00492
[33,    30] Training loss: 0.00502
[33,    31] Training loss: 0.00492
[33,    32] Training loss: 0.00475
[33] Validation loss: 0.00521
All wavs are synthesized!
All wavs are synthesized!
[34,     1] Training loss: 0.00466
[34,     2] Training loss: 0.00460
[34,     3] Training loss: 0.00494
[34,     4] Training loss: 0.00480
[34,     5] Training loss: 0.00484
[34,     6] Training loss: 0.00477
[34,     7] Training loss: 0.00489
[34,     8] Training loss: 0.00483
[34,     9] Training loss: 0.00474
[34,    10] Training loss: 0.00489
[34,    11] Training loss: 0.00481
[34,    12] Training loss: 0.00496
[34,    13] Training loss: 0.00473
[34,    14] Training loss: 0.00473
[34,    15] Training loss: 0.00487
[34,    16] Training loss: 0.00469
[34,    17] Training loss: 0.00500
[34,    18] Training loss: 0.00480
[34,    19] Training loss: 0.00477
[34,    20] Training loss: 0.00491
[34,    21] Training loss: 0.00490
[34,    22] Training loss: 0.00480
[34,    23] Training loss: 0.00495
[34,    24] Training loss: 0.00491
[34,    25] Training loss: 0.00486
[34,    26] Training loss: 0.00500
[34,    27] Training loss: 0.00499
[34,    28] Training loss: 0.00491
[34,    29] Training loss: 0.00485
[34,    30] Training loss: 0.00488
[34,    31] Training loss: 0.00485
[34,    32] Training loss: 0.00515
[34] Validation loss: 0.00527
All wavs are synthesized!
All wavs are synthesized!
[35,     1] Training loss: 0.00470
[35,     2] Training loss: 0.00482
[35,     3] Training loss: 0.00502
[35,     4] Training loss: 0.00475
[35,     5] Training loss: 0.00478
[35,     6] Training loss: 0.00474
[35,     7] Training loss: 0.00488
[35,     8] Training loss: 0.00481
[35,     9] Training loss: 0.00477
[35,    10] Training loss: 0.00465
[35,    11] Training loss: 0.00467
[35,    12] Training loss: 0.00498
[35,    13] Training loss: 0.00474
[35,    14] Training loss: 0.00482
[35,    15] Training loss: 0.00481
[35,    16] Training loss: 0.00497
[35,    17] Training loss: 0.00468
[35,    18] Training loss: 0.00478
[35,    19] Training loss: 0.00491
[35,    20] Training loss: 0.00480
[35,    21] Training loss: 0.00472
[35,    22] Training loss: 0.00470
[35,    23] Training loss: 0.00492
[35,    24] Training loss: 0.00476
[35,    25] Training loss: 0.00514
[35,    26] Training loss: 0.00476
[35,    27] Training loss: 0.00462
[35,    28] Training loss: 0.00472
[35,    29] Training loss: 0.00497
[35,    30] Training loss: 0.00502
[35,    31] Training loss: 0.00466
[35,    32] Training loss: 0.00494
[35] Validation loss: 0.00522
All wavs are synthesized!
All wavs are synthesized!
[36,     1] Training loss: 0.00470
[36,     2] Training loss: 0.00484
[36,     3] Training loss: 0.00479
[36,     4] Training loss: 0.00470
[36,     5] Training loss: 0.00474
[36,     6] Training loss: 0.00471
[36,     7] Training loss: 0.00492
[36,     8] Training loss: 0.00472
[36,     9] Training loss: 0.00466
[36,    10] Training loss: 0.00478
[36,    11] Training loss: 0.00459
[36,    12] Training loss: 0.00468
[36,    13] Training loss: 0.00493
[36,    14] Training loss: 0.00473
[36,    15] Training loss: 0.00463
[36,    16] Training loss: 0.00481
[36,    17] Training loss: 0.00471
[36,    18] Training loss: 0.00469
[36,    19] Training loss: 0.00485
[36,    20] Training loss: 0.00507
[36,    21] Training loss: 0.00484
[36,    22] Training loss: 0.00456
[36,    23] Training loss: 0.00484
[36,    24] Training loss: 0.00500
[36,    25] Training loss: 0.00496
[36,    26] Training loss: 0.00467
[36,    27] Training loss: 0.00502
[36,    28] Training loss: 0.00484
[36,    29] Training loss: 0.00476
[36,    30] Training loss: 0.00483
[36,    31] Training loss: 0.00475
[36,    32] Training loss: 0.00469
[36] Validation loss: 0.00531
All wavs are synthesized!
All wavs are synthesized!
[37,     1] Training loss: 0.00479
[37,     2] Training loss: 0.00468
[37,     3] Training loss: 0.00435
[37,     4] Training loss: 0.00472
[37,     5] Training loss: 0.00472
[37,     6] Training loss: 0.00480
[37,     7] Training loss: 0.00480
[37,     8] Training loss: 0.00467
[37,     9] Training loss: 0.00463
[37,    10] Training loss: 0.00465
[37,    11] Training loss: 0.00455
[37,    12] Training loss: 0.00462
[37,    13] Training loss: 0.00473
[37,    14] Training loss: 0.00476
[37,    15] Training loss: 0.00457
[37,    16] Training loss: 0.00490
[37,    17] Training loss: 0.00476
[37,    18] Training loss: 0.00467
[37,    19] Training loss: 0.00459
[37,    20] Training loss: 0.00481
[37,    21] Training loss: 0.00458
[37,    22] Training loss: 0.00472
[37,    23] Training loss: 0.00466
[37,    24] Training loss: 0.00479
[37,    25] Training loss: 0.00509
[37,    26] Training loss: 0.00484
[37,    27] Training loss: 0.00491
[37,    28] Training loss: 0.00485
[37,    29] Training loss: 0.00481
[37,    30] Training loss: 0.00483
[37,    31] Training loss: 0.00501
[37,    32] Training loss: 0.00482
[37] Validation loss: 0.00518
All wavs are synthesized!
All wavs are synthesized!
[38,     1] Training loss: 0.00495
[38,     2] Training loss: 0.00447
[38,     3] Training loss: 0.00470
[38,     4] Training loss: 0.00468
[38,     5] Training loss: 0.00472
[38,     6] Training loss: 0.00457
[38,     7] Training loss: 0.00464
[38,     8] Training loss: 0.00472
[38,     9] Training loss: 0.00485
[38,    10] Training loss: 0.00479
[38,    11] Training loss: 0.00479
[38,    12] Training loss: 0.00474
[38,    13] Training loss: 0.00479
[38,    14] Training loss: 0.00468
[38,    15] Training loss: 0.00476
[38,    16] Training loss: 0.00475
[38,    17] Training loss: 0.00503
[38,    18] Training loss: 0.00461
[38,    19] Training loss: 0.00488
[38,    20] Training loss: 0.00480
[38,    21] Training loss: 0.00478
[38,    22] Training loss: 0.00491
[38,    23] Training loss: 0.00470
[38,    24] Training loss: 0.00483
[38,    25] Training loss: 0.00469
[38,    26] Training loss: 0.00480
[38,    27] Training loss: 0.00466
[38,    28] Training loss: 0.00495
[38,    29] Training loss: 0.00470
[38,    30] Training loss: 0.00461
[38,    31] Training loss: 0.00486
[38,    32] Training loss: 0.00471
[38] Validation loss: 0.00523
All wavs are synthesized!
All wavs are synthesized!
[39,     1] Training loss: 0.00464
[39,     2] Training loss: 0.00457
[39,     3] Training loss: 0.00468
[39,     4] Training loss: 0.00469
[39,     5] Training loss: 0.00458
[39,     6] Training loss: 0.00485
[39,     7] Training loss: 0.00466
[39,     8] Training loss: 0.00478
[39,     9] Training loss: 0.00451
[39,    10] Training loss: 0.00474
[39,    11] Training loss: 0.00444
[39,    12] Training loss: 0.00468
[39,    13] Training loss: 0.00478
[39,    14] Training loss: 0.00473
[39,    15] Training loss: 0.00477
[39,    16] Training loss: 0.00464
[39,    17] Training loss: 0.00486
[39,    18] Training loss: 0.00474
[39,    19] Training loss: 0.00475
[39,    20] Training loss: 0.00462
[39,    21] Training loss: 0.00435
[39,    22] Training loss: 0.00476
[39,    23] Training loss: 0.00466
[39,    24] Training loss: 0.00460
[39,    25] Training loss: 0.00469
[39,    26] Training loss: 0.00448
[39,    27] Training loss: 0.00472
[39,    28] Training loss: 0.00465
[39,    29] Training loss: 0.00476
[39,    30] Training loss: 0.00503
[39,    31] Training loss: 0.00490
[39,    32] Training loss: 0.00467
[39] Validation loss: 0.00524
All wavs are synthesized!
All wavs are synthesized!
[40,     1] Training loss: 0.00439
[40,     2] Training loss: 0.00461
[40,     3] Training loss: 0.00475
[40,     4] Training loss: 0.00459
[40,     5] Training loss: 0.00474
[40,     6] Training loss: 0.00450
[40,     7] Training loss: 0.00465
[40,     8] Training loss: 0.00446
[40,     9] Training loss: 0.00453
[40,    10] Training loss: 0.00471
[40,    11] Training loss: 0.00459
[40,    12] Training loss: 0.00485
[40,    13] Training loss: 0.00463
[40,    14] Training loss: 0.00464
[40,    15] Training loss: 0.00472
[40,    16] Training loss: 0.00474
[40,    17] Training loss: 0.00468
[40,    18] Training loss: 0.00483
[40,    19] Training loss: 0.00459
[40,    20] Training loss: 0.00464
[40,    21] Training loss: 0.00462
[40,    22] Training loss: 0.00458
[40,    23] Training loss: 0.00466
[40,    24] Training loss: 0.00470
[40,    25] Training loss: 0.00479
[40,    26] Training loss: 0.00476
[40,    27] Training loss: 0.00461
[40,    28] Training loss: 0.00470
[40,    29] Training loss: 0.00482
[40,    30] Training loss: 0.00470
[40,    31] Training loss: 0.00467
[40,    32] Training loss: 0.00465
[40] Validation loss: 0.00517
All wavs are synthesized!
All wavs are synthesized!
[41,     1] Training loss: 0.00471
[41,     2] Training loss: 0.00455
[41,     3] Training loss: 0.00434
[41,     4] Training loss: 0.00470
[41,     5] Training loss: 0.00460
[41,     6] Training loss: 0.00451
[41,     7] Training loss: 0.00455
[41,     8] Training loss: 0.00450
[41,     9] Training loss: 0.00467
[41,    10] Training loss: 0.00461
[41,    11] Training loss: 0.00463
[41,    12] Training loss: 0.00451
[41,    13] Training loss: 0.00466
[41,    14] Training loss: 0.00448
[41,    15] Training loss: 0.00480
[41,    16] Training loss: 0.00448
[41,    17] Training loss: 0.00469
[41,    18] Training loss: 0.00472
[41,    19] Training loss: 0.00452
[41,    20] Training loss: 0.00457
[41,    21] Training loss: 0.00455
[41,    22] Training loss: 0.00482
[41,    23] Training loss: 0.00447
[41,    24] Training loss: 0.00482
[41,    25] Training loss: 0.00463
[41,    26] Training loss: 0.00462
[41,    27] Training loss: 0.00461
[41,    28] Training loss: 0.00468
[41,    29] Training loss: 0.00447
[41,    30] Training loss: 0.00480
[41,    31] Training loss: 0.00446
[41,    32] Training loss: 0.00471
[41] Validation loss: 0.00528
All wavs are synthesized!
All wavs are synthesized!
[42,     1] Training loss: 0.00452
[42,     2] Training loss: 0.00451
[42,     3] Training loss: 0.00437
[42,     4] Training loss: 0.00467
[42,     5] Training loss: 0.00447
[42,     6] Training loss: 0.00448
[42,     7] Training loss: 0.00466
[42,     8] Training loss: 0.00460
[42,     9] Training loss: 0.00462
[42,    10] Training loss: 0.00474
[42,    11] Training loss: 0.00474
[42,    12] Training loss: 0.00477
[42,    13] Training loss: 0.00461
[42,    14] Training loss: 0.00462
[42,    15] Training loss: 0.00462
[42,    16] Training loss: 0.00461
[42,    17] Training loss: 0.00472
[42,    18] Training loss: 0.00460
[42,    19] Training loss: 0.00443
[42,    20] Training loss: 0.00471
[42,    21] Training loss: 0.00464
[42,    22] Training loss: 0.00454
[42,    23] Training loss: 0.00487
[42,    24] Training loss: 0.00471
[42,    25] Training loss: 0.00479
[42,    26] Training loss: 0.00452
[42,    27] Training loss: 0.00465
[42,    28] Training loss: 0.00470
[42,    29] Training loss: 0.00453
[42,    30] Training loss: 0.00450
[42,    31] Training loss: 0.00461
[42,    32] Training loss: 0.00454
[42] Validation loss: 0.00520
All wavs are synthesized!
All wavs are synthesized!
[43,     1] Training loss: 0.00457
[43,     2] Training loss: 0.00456
[43,     3] Training loss: 0.00465
[43,     4] Training loss: 0.00454
[43,     5] Training loss: 0.00439
[43,     6] Training loss: 0.00455
[43,     7] Training loss: 0.00468
[43,     8] Training loss: 0.00455
[43,     9] Training loss: 0.00458
[43,    10] Training loss: 0.00473
[43,    11] Training loss: 0.00469
[43,    12] Training loss: 0.00459
[43,    13] Training loss: 0.00435
[43,    14] Training loss: 0.00447
[43,    15] Training loss: 0.00447
[43,    16] Training loss: 0.00455
[43,    17] Training loss: 0.00450
[43,    18] Training loss: 0.00448
[43,    19] Training loss: 0.00438
[43,    20] Training loss: 0.00490
[43,    21] Training loss: 0.00439
[43,    22] Training loss: 0.00470
[43,    23] Training loss: 0.00447
[43,    24] Training loss: 0.00458
[43,    25] Training loss: 0.00467
[43,    26] Training loss: 0.00450
[43,    27] Training loss: 0.00472
[43,    28] Training loss: 0.00453
[43,    29] Training loss: 0.00449
[43,    30] Training loss: 0.00448
[43,    31] Training loss: 0.00456
[43,    32] Training loss: 0.00449
[43] Validation loss: 0.00511
All wavs are synthesized!
All wavs are synthesized!
[44,     1] Training loss: 0.00435
[44,     2] Training loss: 0.00449
[44,     3] Training loss: 0.00492
[44,     4] Training loss: 0.00443
[44,     5] Training loss: 0.00455
[44,     6] Training loss: 0.00442
[44,     7] Training loss: 0.00441
[44,     8] Training loss: 0.00473
[44,     9] Training loss: 0.00438
[44,    10] Training loss: 0.00453
[44,    11] Training loss: 0.00439
[44,    12] Training loss: 0.00463
[44,    13] Training loss: 0.00450
[44,    14] Training loss: 0.00436
[44,    15] Training loss: 0.00457
[44,    16] Training loss: 0.00453
[44,    17] Training loss: 0.00447
[44,    18] Training loss: 0.00450
[44,    19] Training loss: 0.00451
[44,    20] Training loss: 0.00463
[44,    21] Training loss: 0.00487
[44,    22] Training loss: 0.00451
[44,    23] Training loss: 0.00451
[44,    24] Training loss: 0.00485
[44,    25] Training loss: 0.00444
[44,    26] Training loss: 0.00472
[44,    27] Training loss: 0.00473
[44,    28] Training loss: 0.00477
[44,    29] Training loss: 0.00460
[44,    30] Training loss: 0.00463
[44,    31] Training loss: 0.00461
[44,    32] Training loss: 0.00438
[44] Validation loss: 0.00520
All wavs are synthesized!
All wavs are synthesized!
[45,     1] Training loss: 0.00437
[45,     2] Training loss: 0.00428
[45,     3] Training loss: 0.00467
[45,     4] Training loss: 0.00445
[45,     5] Training loss: 0.00442
[45,     6] Training loss: 0.00434
[45,     7] Training loss: 0.00463
[45,     8] Training loss: 0.00447
[45,     9] Training loss: 0.00480
[45,    10] Training loss: 0.00454
[45,    11] Training loss: 0.00462
[45,    12] Training loss: 0.00438
[45,    13] Training loss: 0.00448
[45,    14] Training loss: 0.00451
[45,    15] Training loss: 0.00446
[45,    16] Training loss: 0.00449
[45,    17] Training loss: 0.00439
[45,    18] Training loss: 0.00455
[45,    19] Training loss: 0.00444
[45,    20] Training loss: 0.00440
[45,    21] Training loss: 0.00431
[45,    22] Training loss: 0.00441
[45,    23] Training loss: 0.00447
[45,    24] Training loss: 0.00438
[45,    25] Training loss: 0.00464
[45,    26] Training loss: 0.00446
[45,    27] Training loss: 0.00451
[45,    28] Training loss: 0.00462
[45,    29] Training loss: 0.00451
[45,    30] Training loss: 0.00447
[45,    31] Training loss: 0.00458
[45,    32] Training loss: 0.00439
[45] Validation loss: 0.00518
All wavs are synthesized!
All wavs are synthesized!
[46,     1] Training loss: 0.00460
[46,     2] Training loss: 0.00439
[46,     3] Training loss: 0.00441
[46,     4] Training loss: 0.00434
[46,     5] Training loss: 0.00445
[46,     6] Training loss: 0.00431
[46,     7] Training loss: 0.00438
[46,     8] Training loss: 0.00441
[46,     9] Training loss: 0.00431
[46,    10] Training loss: 0.00432
[46,    11] Training loss: 0.00446
[46,    12] Training loss: 0.00445
[46,    13] Training loss: 0.00443
[46,    14] Training loss: 0.00448
[46,    15] Training loss: 0.00450
[46,    16] Training loss: 0.00449
[46,    17] Training loss: 0.00454
[46,    18] Training loss: 0.00439
[46,    19] Training loss: 0.00450
[46,    20] Training loss: 0.00444
[46,    21] Training loss: 0.00441
[46,    22] Training loss: 0.00440
[46,    23] Training loss: 0.00441
[46,    24] Training loss: 0.00433
[46,    25] Training loss: 0.00445
[46,    26] Training loss: 0.00446
[46,    27] Training loss: 0.00453
[46,    28] Training loss: 0.00446
[46,    29] Training loss: 0.00482
[46,    30] Training loss: 0.00455
[46,    31] Training loss: 0.00449
[46,    32] Training loss: 0.00442
[46] Validation loss: 0.00522
All wavs are synthesized!
All wavs are synthesized!
[47,     1] Training loss: 0.00444
[47,     2] Training loss: 0.00429
[47,     3] Training loss: 0.00436
[47,     4] Training loss: 0.00437
[47,     5] Training loss: 0.00432
[47,     6] Training loss: 0.00431
[47,     7] Training loss: 0.00447
[47,     8] Training loss: 0.00440
[47,     9] Training loss: 0.00436
[47,    10] Training loss: 0.00447
[47,    11] Training loss: 0.00444
[47,    12] Training loss: 0.00449
[47,    13] Training loss: 0.00422
[47,    14] Training loss: 0.00447
[47,    15] Training loss: 0.00441
[47,    16] Training loss: 0.00454
[47,    17] Training loss: 0.00443
[47,    18] Training loss: 0.00449
[47,    19] Training loss: 0.00456
[47,    20] Training loss: 0.00451
[47,    21] Training loss: 0.00458
[47,    22] Training loss: 0.00449
[47,    23] Training loss: 0.00441
[47,    24] Training loss: 0.00430
[47,    25] Training loss: 0.00441
[47,    26] Training loss: 0.00438
[47,    27] Training loss: 0.00438
[47,    28] Training loss: 0.00434
[47,    29] Training loss: 0.00436
[47,    30] Training loss: 0.00453
[47,    31] Training loss: 0.00441
[47,    32] Training loss: 0.00464
[47] Validation loss: 0.00526
All wavs are synthesized!
All wavs are synthesized!
[48,     1] Training loss: 0.00440
[48,     2] Training loss: 0.00440
[48,     3] Training loss: 0.00442
[48,     4] Training loss: 0.00448
[48,     5] Training loss: 0.00444
[48,     6] Training loss: 0.00426
[48,     7] Training loss: 0.00437
[48,     8] Training loss: 0.00427
[48,     9] Training loss: 0.00422
[48,    10] Training loss: 0.00433
[48,    11] Training loss: 0.00444
[48,    12] Training loss: 0.00437
[48,    13] Training loss: 0.00432
[48,    14] Training loss: 0.00451
[48,    15] Training loss: 0.00442
[48,    16] Training loss: 0.00429
[48,    17] Training loss: 0.00450
[48,    18] Training loss: 0.00447
[48,    19] Training loss: 0.00432
[48,    20] Training loss: 0.00442
[48,    21] Training loss: 0.00432
[48,    22] Training loss: 0.00456
[48,    23] Training loss: 0.00442
[48,    24] Training loss: 0.00454
[48,    25] Training loss: 0.00446
[48,    26] Training loss: 0.00416
[48,    27] Training loss: 0.00459
[48,    28] Training loss: 0.00444
[48,    29] Training loss: 0.00428
[48,    30] Training loss: 0.00411
[48,    31] Training loss: 0.00453
[48,    32] Training loss: 0.00440
[48] Validation loss: 0.00514
All wavs are synthesized!
All wavs are synthesized!
[49,     1] Training loss: 0.00421
[49,     2] Training loss: 0.00427
[49,     3] Training loss: 0.00439
[49,     4] Training loss: 0.00428
[49,     5] Training loss: 0.00430
[49,     6] Training loss: 0.00434
[49,     7] Training loss: 0.00435
[49,     8] Training loss: 0.00435
[49,     9] Training loss: 0.00433
[49,    10] Training loss: 0.00436
[49,    11] Training loss: 0.00415
[49,    12] Training loss: 0.00445
[49,    13] Training loss: 0.00424
[49,    14] Training loss: 0.00456
[49,    15] Training loss: 0.00439
[49,    16] Training loss: 0.00447
[49,    17] Training loss: 0.00445
[49,    18] Training loss: 0.00439
[49,    19] Training loss: 0.00435
[49,    20] Training loss: 0.00443
[49,    21] Training loss: 0.00426
[49,    22] Training loss: 0.00456
[49,    23] Training loss: 0.00448
[49,    24] Training loss: 0.00430
[49,    25] Training loss: 0.00436
[49,    26] Training loss: 0.00423
[49,    27] Training loss: 0.00455
[49,    28] Training loss: 0.00430
[49,    29] Training loss: 0.00447
[49,    30] Training loss: 0.00451
[49,    31] Training loss: 0.00421
[49,    32] Training loss: 0.00434
[49] Validation loss: 0.00520
All wavs are synthesized!
All wavs are synthesized!
[50,     1] Training loss: 0.00434
[50,     2] Training loss: 0.00447
[50,     3] Training loss: 0.00421
[50,     4] Training loss: 0.00423
[50,     5] Training loss: 0.00436
[50,     6] Training loss: 0.00416
[50,     7] Training loss: 0.00432
[50,     8] Training loss: 0.00454
[50,     9] Training loss: 0.00438
[50,    10] Training loss: 0.00433
[50,    11] Training loss: 0.00443
[50,    12] Training loss: 0.00443
[50,    13] Training loss: 0.00449
[50,    14] Training loss: 0.00455
[50,    15] Training loss: 0.00444
[50,    16] Training loss: 0.00439
[50,    17] Training loss: 0.00449
[50,    18] Training loss: 0.00431
[50,    19] Training loss: 0.00432
[50,    20] Training loss: 0.00427
[50,    21] Training loss: 0.00456
[50,    22] Training loss: 0.00431
[50,    23] Training loss: 0.00433
[50,    24] Training loss: 0.00443
[50,    25] Training loss: 0.00413
[50,    26] Training loss: 0.00420
[50,    27] Training loss: 0.00425
[50,    28] Training loss: 0.00429
[50,    29] Training loss: 0.00432
[50,    30] Training loss: 0.00432
[50,    31] Training loss: 0.00416
[50,    32] Training loss: 0.00447
[50] Validation loss: 0.00518
All wavs are synthesized!
All wavs are synthesized!
[51,     1] Training loss: 0.00415
[51,     2] Training loss: 0.00425
[51,     3] Training loss: 0.00423
[51,     4] Training loss: 0.00450
[51,     5] Training loss: 0.00431
[51,     6] Training loss: 0.00421
[51,     7] Training loss: 0.00437
[51,     8] Training loss: 0.00427
[51,     9] Training loss: 0.00419
[51,    10] Training loss: 0.00419
[51,    11] Training loss: 0.00424
[51,    12] Training loss: 0.00433
[51,    13] Training loss: 0.00430
[51,    14] Training loss: 0.00424
[51,    15] Training loss: 0.00446
[51,    16] Training loss: 0.00422
[51,    17] Training loss: 0.00425
[51,    18] Training loss: 0.00437
[51,    19] Training loss: 0.00420
[51,    20] Training loss: 0.00433
[51,    21] Training loss: 0.00441
[51,    22] Training loss: 0.00445
[51,    23] Training loss: 0.00423
[51,    24] Training loss: 0.00439
[51,    25] Training loss: 0.00442
[51,    26] Training loss: 0.00431
[51,    27] Training loss: 0.00422
[51,    28] Training loss: 0.00429
[51,    29] Training loss: 0.00409
[51,    30] Training loss: 0.00430
[51,    31] Training loss: 0.00436
[51,    32] Training loss: 0.00441
[51] Validation loss: 0.00521
All wavs are synthesized!
All wavs are synthesized!
[52,     1] Training loss: 0.00416
[52,     2] Training loss: 0.00416
[52,     3] Training loss: 0.00436
[52,     4] Training loss: 0.00427
[52,     5] Training loss: 0.00429
[52,     6] Training loss: 0.00433
[52,     7] Training loss: 0.00441
[52,     8] Training loss: 0.00413
[52,     9] Training loss: 0.00416
[52,    10] Training loss: 0.00426
[52,    11] Training loss: 0.00423
[52,    12] Training loss: 0.00415
[52,    13] Training loss: 0.00414
[52,    14] Training loss: 0.00420
[52,    15] Training loss: 0.00425
[52,    16] Training loss: 0.00416
[52,    17] Training loss: 0.00429
[52,    18] Training loss: 0.00417
[52,    19] Training loss: 0.00429
[52,    20] Training loss: 0.00428
[52,    21] Training loss: 0.00431
[52,    22] Training loss: 0.00422
[52,    23] Training loss: 0.00434
[52,    24] Training loss: 0.00426
[52,    25] Training loss: 0.00416
[52,    26] Training loss: 0.00434
[52,    27] Training loss: 0.00435
[52,    28] Training loss: 0.00424
[52,    29] Training loss: 0.00410
[52,    30] Training loss: 0.00424
[52,    31] Training loss: 0.00427
[52,    32] Training loss: 0.00437
[52] Validation loss: 0.00527
All wavs are synthesized!
All wavs are synthesized!
[53,     1] Training loss: 0.00421
[53,     2] Training loss: 0.00425
[53,     3] Training loss: 0.00417
[53,     4] Training loss: 0.00429
[53,     5] Training loss: 0.00414
[53,     6] Training loss: 0.00403
[53,     7] Training loss: 0.00414
[53,     8] Training loss: 0.00405
[53,     9] Training loss: 0.00431
[53,    10] Training loss: 0.00427
[53,    11] Training loss: 0.00407
[53,    12] Training loss: 0.00415
[53,    13] Training loss: 0.00430
[53,    14] Training loss: 0.00428
[53,    15] Training loss: 0.00424
[53,    16] Training loss: 0.00444
[53,    17] Training loss: 0.00422
[53,    18] Training loss: 0.00413
[53,    19] Training loss: 0.00414
[53,    20] Training loss: 0.00428
[53,    21] Training loss: 0.00422
[53,    22] Training loss: 0.00438
[53,    23] Training loss: 0.00448
[53,    24] Training loss: 0.00431
[53,    25] Training loss: 0.00434
[53,    26] Training loss: 0.00436
[53,    27] Training loss: 0.00436
[53,    28] Training loss: 0.00417
[53,    29] Training loss: 0.00435
[53,    30] Training loss: 0.00463
[53,    31] Training loss: 0.00421
[53,    32] Training loss: 0.00446
[53] Validation loss: 0.00530
All wavs are synthesized!
All wavs are synthesized!
[54,     1] Training loss: 0.00438
[54,     2] Training loss: 0.00439
[54,     3] Training loss: 0.00405
[54,     4] Training loss: 0.00405
[54,     5] Training loss: 0.00414
[54,     6] Training loss: 0.00411
[54,     7] Training loss: 0.00432
[54,     8] Training loss: 0.00421
[54,     9] Training loss: 0.00409
[54,    10] Training loss: 0.00421
[54,    11] Training loss: 0.00411
[54,    12] Training loss: 0.00428
[54,    13] Training loss: 0.00426
[54,    14] Training loss: 0.00424
[54,    15] Training loss: 0.00425
[54,    16] Training loss: 0.00417
[54,    17] Training loss: 0.00414
[54,    18] Training loss: 0.00422
[54,    19] Training loss: 0.00409
[54,    20] Training loss: 0.00416
[54,    21] Training loss: 0.00411
[54,    22] Training loss: 0.00419
[54,    23] Training loss: 0.00435
[54,    24] Training loss: 0.00436
[54,    25] Training loss: 0.00423
[54,    26] Training loss: 0.00423
[54,    27] Training loss: 0.00418
[54,    28] Training loss: 0.00420
[54,    29] Training loss: 0.00416
[54,    30] Training loss: 0.00418
[54,    31] Training loss: 0.00408
[54,    32] Training loss: 0.00428
[54] Validation loss: 0.00521
All wavs are synthesized!
All wavs are synthesized!
[55,     1] Training loss: 0.00404
[55,     2] Training loss: 0.00411
[55,     3] Training loss: 0.00393
[55,     4] Training loss: 0.00431
[55,     5] Training loss: 0.00395
[55,     6] Training loss: 0.00407
[55,     7] Training loss: 0.00401
[55,     8] Training loss: 0.00421
[55,     9] Training loss: 0.00390
[55,    10] Training loss: 0.00408
[55,    11] Training loss: 0.00395
[55,    12] Training loss: 0.00402
[55,    13] Training loss: 0.00412
[55,    14] Training loss: 0.00402
[55,    15] Training loss: 0.00421
[55,    16] Training loss: 0.00405
[55,    17] Training loss: 0.00403
[55,    18] Training loss: 0.00413
[55,    19] Training loss: 0.00410
[55,    20] Training loss: 0.00399
[55,    21] Training loss: 0.00433
[55,    22] Training loss: 0.00415
[55,    23] Training loss: 0.00419
[55,    24] Training loss: 0.00430
[55,    25] Training loss: 0.00426
[55,    26] Training loss: 0.00405
[55,    27] Training loss: 0.00429
[55,    28] Training loss: 0.00433
/opt/conda/envs/ppg-vc-env/lib/python3.7/site-packages/tensorflow/python/framework/dtypes.py:526: FutureWarning: Passing (type, 1) or '1type' as a synonym of type is deprecated; in a future version of numpy, it will be understood as (type, (1,)) / '(1,)type'.
  _np_qint8 = np.dtype([("qint8", np.int8, 1)])
/opt/conda/envs/ppg-vc-env/lib/python3.7/site-packages/tensorflow/python/framework/dtypes.py:527: FutureWarning: Passing (type, 1) or '1type' as a synonym of type is deprecated; in a future version of numpy, it will be understood as (type, (1,)) / '(1,)type'.
  _np_quint8 = np.dtype([("quint8", np.uint8, 1)])
/opt/conda/envs/ppg-vc-env/lib/python3.7/site-packages/tensorflow/python/framework/dtypes.py:528: FutureWarning: Passing (type, 1) or '1type' as a synonym of type is deprecated; in a future version of numpy, it will be understood as (type, (1,)) / '(1,)type'.
  _np_qint16 = np.dtype([("qint16", np.int16, 1)])
/opt/conda/envs/ppg-vc-env/lib/python3.7/site-packages/tensorflow/python/framework/dtypes.py:529: FutureWarning: Passing (type, 1) or '1type' as a synonym of type is deprecated; in a future version of numpy, it will be understood as (type, (1,)) / '(1,)type'.
  _np_quint16 = np.dtype([("quint16", np.uint16, 1)])
/opt/conda/envs/ppg-vc-env/lib/python3.7/site-packages/tensorflow/python/framework/dtypes.py:530: FutureWarning: Passing (type, 1) or '1type' as a synonym of type is deprecated; in a future version of numpy, it will be understood as (type, (1,)) / '(1,)type'.
  _np_qint32 = np.dtype([("qint32", np.int32, 1)])
/opt/conda/envs/ppg-vc-env/lib/python3.7/site-packages/tensorflow/python/framework/dtypes.py:535: FutureWarning: Passing (type, 1) or '1type' as a synonym of type is deprecated; in a future version of numpy, it will be understood as (type, (1,)) / '(1,)type'.
  np_resource = np.dtype([("resource", np.ubyte, 1)])
[55,    29] Training loss: 0.00405
[55,    30] Training loss: 0.00427
[55,    31] Training loss: 0.00442
[55,    32] Training loss: 0.00415
[55] Validation loss: 0.00531
All wavs are synthesized!
All wavs are synthesized!
[56,     1] Training loss: 0.00411
[56,     2] Training loss: 0.00400
[56,     3] Training loss: 0.00429
[56,     4] Training loss: 0.00423
[56,     5] Training loss: 0.00404
[56,     6] Training loss: 0.00396
[56,     7] Training loss: 0.00398
[56,     8] Training loss: 0.00399
[56,     9] Training loss: 0.00404
[56,    10] Training loss: 0.00412
[56,    11] Training loss: 0.00401
[56,    12] Training loss: 0.00393
[56,    13] Training loss: 0.00402
[56,    14] Training loss: 0.00407
[56,    15] Training loss: 0.00419
[56,    16] Training loss: 0.00423
[56,    17] Training loss: 0.00424
[56,    18] Training loss: 0.00409
[56,    19] Training loss: 0.00411
[56,    20] Training loss: 0.00408
[56,    21] Training loss: 0.00413
[56,    22] Training loss: 0.00422
[56,    23] Training loss: 0.00426
[56,    24] Training loss: 0.00429
[56,    25] Training loss: 0.00428
[56,    26] Training loss: 0.00412
[56,    27] Training loss: 0.00414
[56,    28] Training loss: 0.00420
[56,    29] Training loss: 0.00424
[56,    30] Training loss: 0.00427
[56,    31] Training loss: 0.00409
[56,    32] Training loss: 0.00410
[56] Validation loss: 0.00524
All wavs are synthesized!
All wavs are synthesized!
[57,     1] Training loss: 0.00400
[57,     2] Training loss: 0.00405
[57,     3] Training loss: 0.00406
[57,     4] Training loss: 0.00394
[57,     5] Training loss: 0.00392
[57,     6] Training loss: 0.00394
[57,     7] Training loss: 0.00412
[57,     8] Training loss: 0.00400
[57,     9] Training loss: 0.00417
[57,    10] Training loss: 0.00397
[57,    11] Training loss: 0.00410
[57,    12] Training loss: 0.00419
[57,    13] Training loss: 0.00415
[57,    14] Training loss: 0.00416
[57,    15] Training loss: 0.00392
[57,    16] Training loss: 0.00397
[57,    17] Training loss: 0.00400
[57,    18] Training loss: 0.00438
[57,    19] Training loss: 0.00409
[57,    20] Training loss: 0.00419
[57,    21] Training loss: 0.00400
[57,    22] Training loss: 0.00426
[57,    23] Training loss: 0.00427
[57,    24] Training loss: 0.00403
[57,    25] Training loss: 0.00401
[57,    26] Training loss: 0.00409
[57,    27] Training loss: 0.00408
[57,    28] Training loss: 0.00432
[57,    29] Training loss: 0.00402
[57,    30] Training loss: 0.00418
[57,    31] Training loss: 0.00409
[57,    32] Training loss: 0.00409
[57] Validation loss: 0.00537
All wavs are synthesized!
All wavs are synthesized!
[58,     1] Training loss: 0.00397
[58,     2] Training loss: 0.00401
[58,     3] Training loss: 0.00409
[58,     4] Training loss: 0.00404
[58,     5] Training loss: 0.00416
[58,     6] Training loss: 0.00409
[58,     7] Training loss: 0.00382
[58,     8] Training loss: 0.00391
[58,     9] Training loss: 0.00400
[58,    10] Training loss: 0.00417
[58,    11] Training loss: 0.00386
[58,    12] Training loss: 0.00386
[58,    13] Training loss: 0.00404
[58,    14] Training loss: 0.00407
[58,    15] Training loss: 0.00405
[58,    16] Training loss: 0.00398
[58,    17] Training loss: 0.00405
[58,    18] Training loss: 0.00390
[58,    19] Training loss: 0.00416
[58,    20] Training loss: 0.00386
[58,    21] Training loss: 0.00403
[58,    22] Training loss: 0.00428
[58,    23] Training loss: 0.00396
[58,    24] Training loss: 0.00411
[58,    25] Training loss: 0.00418
[58,    26] Training loss: 0.00416
[58,    27] Training loss: 0.00409
[58,    28] Training loss: 0.00418
[58,    29] Training loss: 0.00426
[58,    30] Training loss: 0.00422
[58,    31] Training loss: 0.00425
[58,    32] Training loss: 0.00417
[58] Validation loss: 0.00525
All wavs are synthesized!
All wavs are synthesized!
[59,     1] Training loss: 0.00406
[59,     2] Training loss: 0.00404
[59,     3] Training loss: 0.00403
[59,     4] Training loss: 0.00425
[59,     5] Training loss: 0.00399
[59,     6] Training loss: 0.00426
[59,     7] Training loss: 0.00389
[59,     8] Training loss: 0.00401
[59,     9] Training loss: 0.00411
[59,    10] Training loss: 0.00410
[59,    11] Training loss: 0.00387
[59,    12] Training loss: 0.00414
[59,    13] Training loss: 0.00381
[59,    14] Training loss: 0.00401
[59,    15] Training loss: 0.00408
[59,    16] Training loss: 0.00418
[59,    17] Training loss: 0.00392
[59,    18] Training loss: 0.00401
[59,    19] Training loss: 0.00401
[59,    20] Training loss: 0.00395
[59,    21] Training loss: 0.00399
[59,    22] Training loss: 0.00409
[59,    23] Training loss: 0.00388
[59,    24] Training loss: 0.00392
[59,    25] Training loss: 0.00399
[59,    26] Training loss: 0.00399
[59,    27] Training loss: 0.00409
[59,    28] Training loss: 0.00403
[59,    29] Training loss: 0.00401
[59,    30] Training loss: 0.00389
[59,    31] Training loss: 0.00419
[59,    32] Training loss: 0.00421
[59] Validation loss: 0.00533
All wavs are synthesized!
All wavs are synthesized!
[60,     1] Training loss: 0.00386
[60,     2] Training loss: 0.00387
[60,     3] Training loss: 0.00405
[60,     4] Training loss: 0.00388
[60,     5] Training loss: 0.00398
[60,     6] Training loss: 0.00406
[60,     7] Training loss: 0.00411
[60,     8] Training loss: 0.00398
[60,     9] Training loss: 0.00410
[60,    10] Training loss: 0.00377
[60,    11] Training loss: 0.00397
[60,    12] Training loss: 0.00397
[60,    13] Training loss: 0.00396
[60,    14] Training loss: 0.00413
[60,    15] Training loss: 0.00409
[60,    16] Training loss: 0.00396
[60,    17] Training loss: 0.00424
[60,    18] Training loss: 0.00383
[60,    19] Training loss: 0.00407
[60,    20] Training loss: 0.00395
[60,    21] Training loss: 0.00402
[60,    22] Training loss: 0.00378
[60,    23] Training loss: 0.00391
[60,    24] Training loss: 0.00411
[60,    25] Training loss: 0.00401
[60,    26] Training loss: 0.00396
[60,    27] Training loss: 0.00394
[60,    28] Training loss: 0.00396
[60,    29] Training loss: 0.00402
[60,    30] Training loss: 0.00401
[60,    31] Training loss: 0.00400
[60,    32] Training loss: 0.00390
[60] Validation loss: 0.00529
All wavs are synthesized!
All wavs are synthesized!
